<?xml version="1.0" encoding="UTF-8"?>
<!-- Generated by org.testng.reporters.JUnitXMLReporter -->
<testsuite ignored="0" hostname="DESKTOP-K4MGEUM" failures="0" tests="2" name="Default test" time="100.323" errors="0" timestamp="2020-10-29T16:39:19 IST">
  <testcase classname="com.colt.fieldengineerapp.testcases.LoginPageTest" name="loginTest" time="7.693"/>
  <testcase classname="com.colt.fieldengineerapp.testcases.LoginPageTest" name="loginTest" time="7.85"/>
</testsuite> <!-- Default test -->
