<?xml version="1.0" encoding="UTF-8"?>
<!-- Generated by org.testng.reporters.JUnitXMLReporter -->
<testsuite ignored="0" hostname="DESKTOP-K4MGEUM" failures="0" tests="2" name="Default test" time="47.704" errors="0" timestamp="2020-10-29T20:03:40 IST">
  <testcase classname="com.colt.fieldengineerapp.testcases.LandingPageTest" name="continueTest" time="4.326"/>
  <testcase classname="com.colt.fieldengineerapp.testcases.LandingPageTest" name="homePageTasksTitleTest" time="4.51"/>
</testsuite> <!-- Default test -->
