<?xml version="1.0" encoding="UTF-8"?>
<!-- Generated by org.testng.reporters.JUnitXMLReporter -->
<testsuite ignored="0" hostname="DESKTOP-K4MGEUM" failures="0" tests="2" name="PlannedWork" time="106.608" errors="0" timestamp="2020-10-28T19:51:13 IST">
  <testcase classname="com.colt.fieldengineerapp.testcases.EndToEndTestForPlannedWorks" name="testPlannedWorkDetails" time="5.179"/>
  <testcase classname="com.colt.fieldengineerapp.testcases.EndToEndTestForPlannedWorks" name="validateAllLabelAndTextFields" time="4.159"/>
</testsuite> <!-- PlannedWork -->
