<?xml version="1.0" encoding="UTF-8"?>
<!-- Generated by org.testng.reporters.JUnitXMLReporter -->
<testsuite ignored="0" hostname="DESKTOP-K4MGEUM" failures="0" tests="2" name="PlannedWork" time="64.585" errors="0" timestamp="2020-10-29T20:09:53 IST">
  <testcase classname="com.colt.fieldengineerapp.testcases.EndToEndTestForPlannedWorks" name="testPlannedWorkDetails" time="4.907"/>
  <testcase classname="com.colt.fieldengineerapp.testcases.EndToEndTestForPlannedWorks" name="validateAllLabelAndTextFields" time="3.986"/>
</testsuite> <!-- PlannedWork -->
