<?xml version="1.0" encoding="UTF-8"?>
<!-- Generated by org.testng.reporters.JUnitXMLReporter -->
<testsuite ignored="2" hostname="DESKTOP-K4MGEUM" failures="0" tests="5" name="Test" time="132.222" errors="0" timestamp="2020-10-21T01:22:20 IST">
  <testcase classname="com.colt.fieldengineerapp.testcases.LandingPageTest" name="homePageTasksTitleTest" time="4.028"/>
  <testcase classname="com.colt.fieldengineerapp.testcases.LoginPageTest" name="landingPageTitleTest" time="8.636"/>
  <testcase classname="com.colt.fieldengineerapp.testcases.LoginPageTest" name="loginTestWithMultiUsers" time="8.289"/>
  <testcase classname="com.colt.fieldengineerapp.testcases.LoginPageTest" name="loginTestWithMultiUsers" time="5.766"/>
  <testcase classname="com.colt.fieldengineerapp.testcases.LoginPageTest" name="loginTestWithMultiUsers" time="8.009"/>
  <testcase classname="com.colt.fieldengineerapp.testcases.LoginPageTest" name="loginTest" time="0.0">
    <ignored/>
  </testcase> <!-- loginTest -->
  <testcase classname="com.colt.fieldengineerapp.testcases.LandingPageTest" name="continueTest" time="0.0">
    <ignored/>
  </testcase> <!-- continueTest -->
</testsuite> <!-- Test -->
