<?xml version="1.0" encoding="UTF-8"?>
<!-- Generated by org.testng.reporters.JUnitXMLReporter -->
<testsuite ignored="2" hostname="DESKTOP-K4MGEUM" failures="0" tests="5" name="Test" time="104.934" errors="0" timestamp="2020-10-21T09:22:01 IST">
  <testcase classname="com.colt.fieldengineerapp.testcases.LandingPageTest" name="homePageTasksTitleTest" time="5.998"/>
  <testcase classname="com.colt.fieldengineerapp.testcases.LoginPageTest" name="landingPageTitleTest" time="9.045"/>
  <testcase classname="com.colt.fieldengineerapp.testcases.LoginPageTest" name="loginTestWithMultiUsers" time="8.104"/>
  <testcase classname="com.colt.fieldengineerapp.testcases.LoginPageTest" name="loginTestWithMultiUsers" time="5.263"/>
  <testcase classname="com.colt.fieldengineerapp.testcases.LoginPageTest" name="loginTestWithMultiUsers" time="5.634"/>
  <testcase classname="com.colt.fieldengineerapp.testcases.LoginPageTest" name="loginTest" time="0.0">
    <ignored/>
  </testcase> <!-- loginTest -->
  <testcase classname="com.colt.fieldengineerapp.testcases.LandingPageTest" name="continueTest" time="0.0">
    <ignored/>
  </testcase> <!-- continueTest -->
</testsuite> <!-- Test -->
