<?xml version="1.0" encoding="UTF-8"?>
<!-- Generated by org.testng.reporters.JUnitXMLReporter -->
<testsuite ignored="2" hostname="DESKTOP-K4MGEUM" failures="0" tests="1" name="Test(failed)" time="43.421" errors="0" timestamp="2020-10-20T21:30:11 IST">
  <testcase classname="com.colt.fieldengineerapp.testcases.LoginPageTest" name="loginTestWithMultiUsers" time="18.464"/>
  <testcase classname="com.colt.fieldengineerapp.testcases.LoginPageTest" name="loginTest" time="0.0">
    <ignored/>
  </testcase> <!-- loginTest -->
  <testcase classname="com.colt.fieldengineerapp.testcases.LoginPageTest" name="landingPageTitleTest" time="0.0">
    <ignored/>
  </testcase> <!-- landingPageTitleTest -->
</testsuite> <!-- Test(failed) -->
