<?xml version="1.0" encoding="UTF-8" ?>
<testsuite tests="6" failures="2" name="TestSuite" time="106.765" errors="0" skipped="0">
  <properties>
[...]
</properties>
  <testcase classname="com.colt.fieldengineerapp.testcases.EndToEndActionsPageTest" name="testNonNullJobRemarksdField" time="13.254"/>
  <testcase classname="com.colt.fieldengineerapp.testcases.ErrorPopupsRaisePlannedWorksTest" name="alertsRaisePlanWorkPlannedScheduleStep" time="41.064">
    <failure message="An unknown server-side error occurred while processing the command. Original error: Could not proxy command to the remote server. Original error: socket hang up
Build info: version: &apos;3.141.59&apos;, revision: &apos;e82be7d358&apos;, time: &apos;2018-11-14T08:17:03&apos;
System info: host: &apos;DESKTOP-K4MGEUM&apos;, ip: &apos;192.168.0.7&apos;, os.name: &apos;Windows 10&apos;, os.arch: &apos;amd64&apos;, os.version: &apos;10.0&apos;, java.version: &apos;14.0.2&apos;
Driver info: io.appium.java_client.android.AndroidDriver
Capabilities {app: D:\TechPractice\Appium\Fiel..., appActivity: com.colt.coltengineering.sc..., appPackage: com.colt.coltengineering, autoGrantPermissions: true, automationName: uiautomator2, avd: Pixel2, databaseEnabled: false, desired: {app: D:\TechPractice\Appium\Fiel..., appActivity: com.colt.coltengineering.sc..., appPackage: com.colt.coltengineering, autoGrantPermissions: true, automationName: uiautomator2, avd: Pixel2, deviceName: pixel2, platformName: android}, deviceApiLevel: 28, deviceManufacturer: Google, deviceModel: AOSP on IA Emulator, deviceName: emulator-5554, deviceScreenDensity: 420, deviceScreenSize: 1080x1920, deviceUDID: emulator-5554, javascriptEnabled: true, locationContextEnabled: false, networkConnectionEnabled: true, pixelRatio: 2.625, platform: LINUX, platformName: Android, platformVersion: 9, statBarHeight: 63, takesScreenshot: true, viewportRect: {height: 1731, left: 0, top: 63, width: 1080}, warnings: {}, webStorageEnabled: false}
Session ID: e148836a-4958-4ac0-846b-1727609d8f58" type="org.openqa.selenium.WebDriverException">org.openqa.selenium.WebDriverException: An unknown server-side error occurred while processing the command. Original error: Could not proxy command to the remote server. Original error: socket hang up
Build info: version: &apos;3.141.59&apos;, revision: &apos;e82be7d358&apos;, time: &apos;2018-11-14T08:17:03&apos;
System info: host: &apos;DESKTOP-K4MGEUM&apos;, ip: &apos;192.168.0.7&apos;, os.name: &apos;Windows 10&apos;, os.arch: &apos;amd64&apos;, os.version: &apos;10.0&apos;, java.version: &apos;14.0.2&apos;
Driver info: io.appium.java_client.android.AndroidDriver
Capabilities {app: D:\TechPractice\Appium\Fiel..., appActivity: com.colt.coltengineering.sc..., appPackage: com.colt.coltengineering, autoGrantPermissions: true, automationName: uiautomator2, avd: Pixel2, databaseEnabled: false, desired: {app: D:\TechPractice\Appium\Fiel..., appActivity: com.colt.coltengineering.sc..., appPackage: com.colt.coltengineering, autoGrantPermissions: true, automationName: uiautomator2, avd: Pixel2, deviceName: pixel2, platformName: android}, deviceApiLevel: 28, deviceManufacturer: Google, deviceModel: AOSP on IA Emulator, deviceName: emulator-5554, deviceScreenDensity: 420, deviceScreenSize: 1080x1920, deviceUDID: emulator-5554, javascriptEnabled: true, locationContextEnabled: false, networkConnectionEnabled: true, pixelRatio: 2.625, platform: LINUX, platformName: Android, platformVersion: 9, statBarHeight: 63, takesScreenshot: true, viewportRect: {height: 1731, left: 0, top: 63, width: 1080}, warnings: {}, webStorageEnabled: false}
Session ID: e148836a-4958-4ac0-846b-1727609d8f58
	at java.base/jdk.internal.reflect.NativeConstructorAccessorImpl.newInstance0(Native Method)
	at java.base/jdk.internal.reflect.NativeConstructorAccessorImpl.newInstance(NativeConstructorAccessorImpl.java:62)
	at java.base/jdk.internal.reflect.DelegatingConstructorAccessorImpl.newInstance(DelegatingConstructorAccessorImpl.java:45)
	at java.base/java.lang.reflect.Constructor.newInstanceWithCaller(Constructor.java:500)
	at java.base/java.lang.reflect.Constructor.newInstance(Constructor.java:481)
	at org.openqa.selenium.remote.http.W3CHttpResponseCodec.createException(W3CHttpResponseCodec.java:187)
	at org.openqa.selenium.remote.http.W3CHttpResponseCodec.decode(W3CHttpResponseCodec.java:122)
	at org.openqa.selenium.remote.http.W3CHttpResponseCodec.decode(W3CHttpResponseCodec.java:49)
	at org.openqa.selenium.remote.HttpCommandExecutor.execute(HttpCommandExecutor.java:158)
	at io.appium.java_client.remote.AppiumCommandExecutor.execute(AppiumCommandExecutor.java:239)
	at org.openqa.selenium.remote.RemoteWebDriver.execute(RemoteWebDriver.java:552)
	at io.appium.java_client.DefaultGenericMobileDriver.execute(DefaultGenericMobileDriver.java:45)
	at io.appium.java_client.AppiumDriver.execute(AppiumDriver.java:1)
	at io.appium.java_client.android.AndroidDriver.execute(AndroidDriver.java:1)
	at org.openqa.selenium.remote.RemoteWebDriver$RemoteTargetLocator.alert(RemoteWebDriver.java:932)
	at com.colt.fieldengineerapp.testcases.ErrorPopupsRaisePlannedWorksTest.alertsRaisePlanWorkPlannedScheduleStep(ErrorPopupsRaisePlannedWorksTest.java:214)
</failure>
    <system-out>&amp;#27;[35m[HTTP]&amp;#27;[39m &amp;#27;[37m--&gt;&amp;#27;[39m &amp;#27;[37mPOST&amp;#27;[39m &amp;#27;[37m/wd/hub/session&amp;#27;[39m
&amp;#27;[35m[HTTP]&amp;#27;[39m &amp;#27;[90m{&quot;desiredCapabilities&quot;:{&quot;app&quot;:&quot;D:\\TechPractice\\Appium\\FieldEngineerApp/Apks/FEApp.apk&quot;,&quot;appActivity&quot;:&quot;com.colt.coltengineering.screen.SplashActivity&quot;,&quot;appPackage&quot;:&quot;com.colt.coltengineering&quot;,&quot;automationName&quot;:&quot;uiautomator2&quot;,&quot;autoGrantPermissions&quot;:&quot;true&quot;,&quot;platformName&quot;:&quot;Android&quot;,&quot;deviceName&quot;:&quot;pixel2&quot;,&quot;avd&quot;:&quot;Pixel2&quot;},&quot;capabilities&quot;:{&quot;firstMatch&quot;:[{&quot;appium:app&quot;:&quot;D:\\TechPractice\\Appium\\FieldEngineerApp/Apks/FEApp.apk&quot;,&quot;appium:appActivity&quot;:&quot;com.colt.coltengineering.screen.SplashActivity&quot;,&quot;appium:appPackage&quot;:&quot;com.colt.coltengineering&quot;,&quot;appium:autoGrantPermissions&quot;:&quot;true&quot;,&quot;appium:automationName&quot;:&quot;uiautomator2&quot;,&quot;appium:avd&quot;:&quot;Pixel2&quot;,&quot;appium:deviceName&quot;:&quot;pixel2&quot;,&quot;platformName&quot;:&quot;android&quot;}]}}&amp;#27;[39m
[debug] &amp;#27;[35m[W3C]&amp;#27;[39m Calling AppiumDriver.createSession() with args: [{&quot;app&quot;:&quot;D:\\TechPractice\\Appium\\FieldEngineerApp/Apks/FEApp.apk&quot;,&quot;appActivity&quot;:&quot;com.colt.coltengineering.screen.SplashActivity&quot;,&quot;appPackage&quot;:&quot;com.colt.coltengineering&quot;,&quot;automationName&quot;:&quot;uiautomator2&quot;,&quot;autoGrantPermissions&quot;:&quot;true&quot;,&quot;platformName&quot;:&quot;Android&quot;,&quot;deviceName&quot;:&quot;pixel2&quot;,&quot;avd&quot;:&quot;Pixel2&quot;},null,{&quot;firstMatch&quot;:[{&quot;appium:app&quot;:&quot;D:\\TechPractice\\Appium\\FieldEngineerApp/Apks/FEApp.apk&quot;,&quot;appium:appActivity&quot;:&quot;com.colt.coltengineering.screen.SplashActivity&quot;,&quot;appium:appPackage&quot;:&quot;com.colt.coltengineering&quot;,&quot;appium:autoGrantPermissions&quot;:&quot;true&quot;,&quot;appium:automationName&quot;:&quot;uiautomator2&quot;,&quot;appium:avd&quot;:&quot;Pixel2&quot;,&quot;appium:deviceName&quot;:&quot;pixel2&quot;,&quot;platformName&quot;:&quot;android&quot;}]}]
[debug] &amp;#27;[35m[BaseDriver]&amp;#27;[39m Event &apos;newSessionRequested&apos; logged at 1603974396691 (17:56:36 GMT+0530 (India Standard Time))
&amp;#27;[35m[Appium]&amp;#27;[39m Appium v1.18.3 creating new AndroidUiautomator2Driver (v1.56.1) session
[debug] &amp;#27;[35m[BaseDriver]&amp;#27;[39m W3C capabilities and MJSONWP desired capabilities were provided
[debug] &amp;#27;[35m[BaseDriver]&amp;#27;[39m Creating session with W3C capabilities: {
[debug] &amp;#27;[35m[BaseDriver]&amp;#27;[39m   &quot;alwaysMatch&quot;: {
[debug] &amp;#27;[35m[BaseDriver]&amp;#27;[39m     &quot;platformName&quot;: &quot;android&quot;,
[debug] &amp;#27;[35m[BaseDriver]&amp;#27;[39m     &quot;appium:app&quot;: &quot;D:\\TechPractice\\Appium\\FieldEngineerApp/Apks/FEApp.apk&quot;,
[debug] &amp;#27;[35m[BaseDriver]&amp;#27;[39m     &quot;appium:appActivity&quot;: &quot;com.colt.coltengineering.screen.SplashActivity&quot;,
[debug] &amp;#27;[35m[BaseDriver]&amp;#27;[39m     &quot;appium:appPackage&quot;: &quot;com.colt.coltengineering&quot;,
[debug] &amp;#27;[35m[BaseDriver]&amp;#27;[39m     &quot;appium:autoGrantPermissions&quot;: &quot;true&quot;,
[debug] &amp;#27;[35m[BaseDriver]&amp;#27;[39m     &quot;appium:automationName&quot;: &quot;uiautomator2&quot;,
[debug] &amp;#27;[35m[BaseDriver]&amp;#27;[39m     &quot;appium:avd&quot;: &quot;Pixel2&quot;,
[debug] &amp;#27;[35m[BaseDriver]&amp;#27;[39m     &quot;appium:deviceName&quot;: &quot;pixel2&quot;
[debug] &amp;#27;[35m[BaseDriver]&amp;#27;[39m   },
[debug] &amp;#27;[35m[BaseDriver]&amp;#27;[39m   &quot;firstMatch&quot;: [
[debug] &amp;#27;[35m[BaseDriver]&amp;#27;[39m     {}
[debug] &amp;#27;[35m[BaseDriver]&amp;#27;[39m   ]
[debug] &amp;#27;[35m[BaseDriver]&amp;#27;[39m }
&amp;#27;[35m[BaseDriver]&amp;#27;[39m Capability &apos;autoGrantPermissions&apos; changed from string to boolean. This may cause unexpected behavior
&amp;#27;[35m[BaseDriver]&amp;#27;[39m Session created with session id: e148836a-4958-4ac0-846b-1727609d8f58
&amp;#27;[35m[BaseDriver]&amp;#27;[39m Using local app &apos;D:\TechPractice\Appium\FieldEngineerApp/Apks/FEApp.apk&apos;
[debug] &amp;#27;[35m[UiAutomator2]&amp;#27;[39m Checking whether app is actually present
&amp;#27;[35m[ADB]&amp;#27;[39m Using &apos;adb.exe&apos; from &apos;D:\TechSoftwares\AndroidSDK\platform-tools\adb.exe&apos;
[debug] &amp;#27;[35m[ADB]&amp;#27;[39m Running &apos;D:\TechSoftwares\AndroidSDK\platform-tools\adb.exe -P 5037 start-server&apos;
[debug] &amp;#27;[35m[ADB]&amp;#27;[39m Trying to find &apos;Pixel2&apos; emulator
[debug] &amp;#27;[35m[ADB]&amp;#27;[39m Getting connected emulators
[debug] &amp;#27;[35m[ADB]&amp;#27;[39m Getting connected devices
[debug] &amp;#27;[35m[ADB]&amp;#27;[39m Connected devices: [{&quot;udid&quot;:&quot;emulator-5554&quot;,&quot;state&quot;:&quot;device&quot;}]
[debug] &amp;#27;[35m[ADB]&amp;#27;[39m 1 emulator connected
[debug] &amp;#27;[35m[ADB]&amp;#27;[39m Executing Emulator console command: avd name
[debug] &amp;#27;[35m[ADB]&amp;#27;[39m Found emulator &apos;Pixel2&apos; on port 5554
[debug] &amp;#27;[35m[ADB]&amp;#27;[39m Setting device id to emulator-5554
[debug] &amp;#27;[35m[AndroidDriver]&amp;#27;[39m Not launching AVD because it is already running.
&amp;#27;[35m[AndroidDriver]&amp;#27;[39m Using device: emulator-5554
&amp;#27;[35m[ADB]&amp;#27;[39m Using &apos;adb.exe&apos; from &apos;D:\TechSoftwares\AndroidSDK\platform-tools\adb.exe&apos;
[debug] &amp;#27;[35m[ADB]&amp;#27;[39m Running &apos;D:\TechSoftwares\AndroidSDK\platform-tools\adb.exe -P 5037 start-server&apos;
[debug] &amp;#27;[35m[ADB]&amp;#27;[39m Setting device id to emulator-5554
[debug] &amp;#27;[35m[ADB]&amp;#27;[39m Running &apos;D:\TechSoftwares\AndroidSDK\platform-tools\adb.exe -P 5037 -s emulator-5554 shell getprop ro.build.version.sdk&apos;
[debug] &amp;#27;[35m[ADB]&amp;#27;[39m Current device property &apos;ro.build.version.sdk&apos;: 28
&amp;#27;[35m[ADB]&amp;#27;[39m Getting device platform version
[debug] &amp;#27;[35m[ADB]&amp;#27;[39m Running &apos;D:\TechSoftwares\AndroidSDK\platform-tools\adb.exe -P 5037 -s emulator-5554 shell getprop ro.build.version.release&apos;
[debug] &amp;#27;[35m[ADB]&amp;#27;[39m Current device property &apos;ro.build.version.release&apos;: 9
[debug] &amp;#27;[35m[ADB]&amp;#27;[39m Device API level: 28
&amp;#27;[35m[UiAutomator2]&amp;#27;[39m Relaxing hidden api policy
[debug] &amp;#27;[35m[ADB]&amp;#27;[39m Running &apos;D:\TechSoftwares\AndroidSDK\platform-tools\adb.exe -P 5037 -s emulator-5554 shell &apos;settings put global hidden_api_policy_pre_p_apps 1;settings put global hidden_api_policy_p_apps 1;settings put global hidden_api_policy 1&apos;&apos;
[debug] &amp;#27;[35m[ADB]&amp;#27;[39m Running &apos;D:\TechSoftwares\AndroidSDK\platform-tools\adb.exe -P 5037 -s emulator-5554 wait-for-device&apos;
[debug] &amp;#27;[35m[ADB]&amp;#27;[39m Running &apos;D:\TechSoftwares\AndroidSDK\platform-tools\adb.exe -P 5037 -s emulator-5554 shell echo ping&apos;
[debug] &amp;#27;[35m[AndroidDriver]&amp;#27;[39m Pushing settings apk to device...
[debug] &amp;#27;[35m[ADB]&amp;#27;[39m Getting install status for io.appium.settings
[debug] &amp;#27;[35m[ADB]&amp;#27;[39m Running &apos;D:\TechSoftwares\AndroidSDK\platform-tools\adb.exe -P 5037 -s emulator-5554 shell dumpsys package io.appium.settings&apos;
[debug] &amp;#27;[35m[ADB]&amp;#27;[39m &apos;io.appium.settings&apos; is installed
[debug] &amp;#27;[35m[ADB]&amp;#27;[39m Getting package info for &apos;io.appium.settings&apos;
[debug] &amp;#27;[35m[ADB]&amp;#27;[39m Running &apos;D:\TechSoftwares\AndroidSDK\platform-tools\adb.exe -P 5037 -s emulator-5554 shell dumpsys package io.appium.settings&apos;
[debug] &amp;#27;[35m[ADB]&amp;#27;[39m The version name of the installed &apos;io.appium.settings&apos; is greater or equal to the application version name (&apos;3.2.0&apos; &gt;= &apos;3.2.0&apos;)
[debug] &amp;#27;[35m[ADB]&amp;#27;[39m There is no need to install/upgrade &apos;C:\Users\Medhansh\AppData\Roaming\npm\node_modules\appium\node_modules\io.appium.settings\apks\settings_apk-debug.apk&apos;
[debug] &amp;#27;[35m[ADB]&amp;#27;[39m Getting IDs of all &apos;io.appium.settings&apos; processes
[debug] &amp;#27;[35m[ADB]&amp;#27;[39m Running &apos;D:\TechSoftwares\AndroidSDK\platform-tools\adb.exe -P 5037 -s emulator-5554 shell &apos;pgrep --help; echo $?&apos;&apos;
[debug] &amp;#27;[35m[ADB]&amp;#27;[39m Running &apos;D:\TechSoftwares\AndroidSDK\platform-tools\adb.exe -P 5037 -s emulator-5554 shell pgrep -f io\\.appium\\.settings&apos;
[debug] &amp;#27;[35m[AndroidDriver]&amp;#27;[39m io.appium.settings is already running. There is no need to reset its permissions.
[debug] &amp;#27;[35m[Logcat]&amp;#27;[39m Starting logs capture with command: D:\\TechSoftwares\\AndroidSDK\\platform-tools\\adb.exe -P 5037 -s emulator-5554 logcat -v threadtime
[debug] &amp;#27;[35m[UiAutomator2]&amp;#27;[39m Forwarding UiAutomator2 Server port 6790 to 8201
[debug] &amp;#27;[35m[ADB]&amp;#27;[39m Forwarding system: 8201 to device: 6790
[debug] &amp;#27;[35m[ADB]&amp;#27;[39m Running &apos;D:\TechSoftwares\AndroidSDK\platform-tools\adb.exe -P 5037 -s emulator-5554 forward tcp\:8201 tcp\:6790&apos;
[debug] &amp;#27;[35m[ADB]&amp;#27;[39m Getting install status for io.appium.uiautomator2.server
[debug] &amp;#27;[35m[ADB]&amp;#27;[39m Running &apos;D:\TechSoftwares\AndroidSDK\platform-tools\adb.exe -P 5037 -s emulator-5554 shell dumpsys package io.appium.uiautomator2.server&apos;
[debug] &amp;#27;[35m[ADB]&amp;#27;[39m &apos;io.appium.uiautomator2.server&apos; is installed
[debug] &amp;#27;[35m[ADB]&amp;#27;[39m Getting package info for &apos;io.appium.uiautomator2.server&apos;
[debug] &amp;#27;[35m[ADB]&amp;#27;[39m Running &apos;D:\TechSoftwares\AndroidSDK\platform-tools\adb.exe -P 5037 -s emulator-5554 shell dumpsys package io.appium.uiautomator2.server&apos;
[debug] &amp;#27;[35m[ADB]&amp;#27;[39m The version name of the installed &apos;io.appium.uiautomator2.server&apos; is greater or equal to the application version name (&apos;4.12.2&apos; &gt;= &apos;4.12.2&apos;)
[debug] &amp;#27;[35m[UiAutomator2]&amp;#27;[39m io.appium.uiautomator2.server installation state: sameVersionInstalled
[debug] &amp;#27;[35m[ADB]&amp;#27;[39m Checking app cert for C:\Users\Medhansh\AppData\Roaming\npm\node_modules\appium\node_modules\appium-uiautomator2-server\apks\appium-uiautomator2-server-v4.12.2.apk
&amp;#27;[35m[ADB]&amp;#27;[39m Using &apos;apksigner.jar&apos; from &apos;D:\TechSoftwares\AndroidSDK\build-tools\30.0.2\lib\apksigner.jar&apos;
[debug] &amp;#27;[35m[ADB]&amp;#27;[39m Starting apksigner: D:\\TechSoftwares\\Openjdk14\\bin\\java.exe -Xmx1024M -Xss1m -jar D:\\TechSoftwares\\AndroidSDK\\build-tools\\30.0.2\\lib\\apksigner.jar verify --print-certs C:\\Users\\Medhansh\\AppData\\Roaming\\npm\\node_modules\\appium\\node_modules\\appium-uiautomator2-server\\apks\\appium-uiautomator2-server-v4.12.2.apk
[debug] &amp;#27;[35m[ADB]&amp;#27;[39m apksigner stdout: Signer #1 certificate DN: EMAILADDRESS=android@android.com, CN=Android, OU=Android, O=Android, L=Mountain View, ST=California, C=US
[debug] &amp;#27;[35m[ADB]&amp;#27;[39m Signer #1 certificate SHA-256 digest: a40da80a59d170caa950cf15c18c454d47a39b26989d8b640ecd745ba71bf5dc
[debug] &amp;#27;[35m[ADB]&amp;#27;[39m Signer #1 certificate SHA-1 digest: 61ed377e85d386a8dfee6b864bd85b0bfaa5af81
[debug] &amp;#27;[35m[ADB]&amp;#27;[39m Signer #1 certificate MD5 digest: e89b158e4bcf988ebd09eb83f5378e87
[debug] &amp;#27;[35m[ADB]&amp;#27;[39m 
[debug] &amp;#27;[35m[ADB]&amp;#27;[39m &apos;C:\Users\Medhansh\AppData\Roaming\npm\node_modules\appium\node_modules\appium-uiautomator2-server\apks\appium-uiautomator2-server-v4.12.2.apk&apos; is signed with the default certificate
[debug] &amp;#27;[35m[ADB]&amp;#27;[39m Getting install status for io.appium.uiautomator2.server.test
[debug] &amp;#27;[35m[ADB]&amp;#27;[39m Running &apos;D:\TechSoftwares\AndroidSDK\platform-tools\adb.exe -P 5037 -s emulator-5554 shell dumpsys package io.appium.uiautomator2.server.test&apos;
[debug] &amp;#27;[35m[ADB]&amp;#27;[39m &apos;io.appium.uiautomator2.server.test&apos; is installed
[debug] &amp;#27;[35m[ADB]&amp;#27;[39m Checking app cert for C:\Users\Medhansh\AppData\Roaming\npm\node_modules\appium\node_modules\appium-uiautomator2-server\apks\appium-uiautomator2-server-debug-androidTest.apk
[debug] &amp;#27;[35m[ADB]&amp;#27;[39m Starting apksigner: D:\\TechSoftwares\\Openjdk14\\bin\\java.exe -Xmx1024M -Xss1m -jar D:\\TechSoftwares\\AndroidSDK\\build-tools\\30.0.2\\lib\\apksigner.jar verify --print-certs C:\\Users\\Medhansh\\AppData\\Roaming\\npm\\node_modules\\appium\\node_modules\\appium-uiautomator2-server\\apks\\appium-uiautomator2-server-debug-androidTest.apk
[debug] &amp;#27;[35m[ADB]&amp;#27;[39m apksigner stdout: Signer #1 certificate DN: EMAILADDRESS=android@android.com, CN=Android, OU=Android, O=Android, L=Mountain View, ST=California, C=US
[debug] &amp;#27;[35m[ADB]&amp;#27;[39m Signer #1 certificate SHA-256 digest: a40da80a59d170caa950cf15c18c454d47a39b26989d8b640ecd745ba71bf5dc
[debug] &amp;#27;[35m[ADB]&amp;#27;[39m Signer #1 certificate SHA-1 digest: 61ed377e85d386a8dfee6b864bd85b0bfaa5af81
[debug] &amp;#27;[35m[ADB]&amp;#27;[39m Signer #1 certificate MD5 digest: e89b158e4bcf988ebd09eb83f5378e87
[debug] &amp;#27;[35m[ADB]&amp;#27;[39m 
[debug] &amp;#27;[35m[ADB]&amp;#27;[39m &apos;C:\Users\Medhansh\AppData\Roaming\npm\node_modules\appium\node_modules\appium-uiautomator2-server\apks\appium-uiautomator2-server-debug-androidTest.apk&apos; is signed with the default certificate
&amp;#27;[35m[UiAutomator2]&amp;#27;[39m Server packages are not going to be (re)installed
[debug] &amp;#27;[35m[UiAutomator2]&amp;#27;[39m Waiting up to 30000ms for services to be available
[debug] &amp;#27;[35m[ADB]&amp;#27;[39m Running &apos;D:\TechSoftwares\AndroidSDK\platform-tools\adb.exe -P 5037 -s emulator-5554 shell pm list instrumentation&apos;
[debug] &amp;#27;[35m[UiAutomator2]&amp;#27;[39m Instrumentation target &apos;io.appium.uiautomator2.server.test/androidx.test.runner.AndroidJUnitRunner&apos; is available
[debug] &amp;#27;[35m[ADB]&amp;#27;[39m Checking app cert for D:\TechPractice\Appium\FieldEngineerApp/Apks/FEApp.apk
[debug] &amp;#27;[35m[ADB]&amp;#27;[39m Starting apksigner: D:\\TechSoftwares\\Openjdk14\\bin\\java.exe -Xmx1024M -Xss1m -jar D:\\TechSoftwares\\AndroidSDK\\build-tools\\30.0.2\\lib\\apksigner.jar verify --print-certs D:\\TechPractice\\Appium\\FieldEngineerApp/Apks/FEApp.apk
[debug] &amp;#27;[35m[ADB]&amp;#27;[39m apksigner stdout: Signer #1 certificate DN: C=US, O=Android, CN=Android Debug
[debug] &amp;#27;[35m[ADB]&amp;#27;[39m Signer #1 certificate SHA-256 digest: 3c46dd3f732dd2a86e23a902f413fe580567d53d375d3cbc0a0ae481625785aa
[debug] &amp;#27;[35m[ADB]&amp;#27;[39m Signer #1 certificate SHA-1 digest: cd7140b857eedd24f2a23512bc1b7f28fa8c5812
[debug] &amp;#27;[35m[ADB]&amp;#27;[39m Signer #1 certificate MD5 digest: daf2b28471cf5e67ee74247ef5b08da9
[debug] &amp;#27;[35m[ADB]&amp;#27;[39m 
[debug] &amp;#27;[35m[ADB]&amp;#27;[39m &apos;D:\TechPractice\Appium\FieldEngineerApp/Apks/FEApp.apk&apos; is signed with a non-default certificate
[debug] &amp;#27;[35m[ADB]&amp;#27;[39m Getting install status for com.colt.coltengineering
[debug] &amp;#27;[35m[ADB]&amp;#27;[39m Running &apos;D:\TechSoftwares\AndroidSDK\platform-tools\adb.exe -P 5037 -s emulator-5554 shell dumpsys package com.colt.coltengineering&apos;
[debug] &amp;#27;[35m[ADB]&amp;#27;[39m &apos;com.colt.coltengineering&apos; is installed
[debug] &amp;#27;[35m[ADB]&amp;#27;[39m Getting package info for &apos;com.colt.coltengineering&apos;
[debug] &amp;#27;[35m[ADB]&amp;#27;[39m Running &apos;D:\TechSoftwares\AndroidSDK\platform-tools\adb.exe -P 5037 -s emulator-5554 shell dumpsys package com.colt.coltengineering&apos;
[debug] &amp;#27;[35m[ADB]&amp;#27;[39m The version name of the installed &apos;com.colt.coltengineering&apos; is greater or equal to the application version name (&apos;2.0.0&apos; &gt;= &apos;2.0.0&apos;)
[debug] &amp;#27;[35m[ADB]&amp;#27;[39m There is no need to install/upgrade &apos;D:\TechPractice\Appium\FieldEngineerApp/Apks/FEApp.apk&apos;
&amp;#27;[35m[AndroidDriver]&amp;#27;[39m Performing fast reset on &apos;com.colt.coltengineering&apos;
[debug] &amp;#27;[35m[ADB]&amp;#27;[39m Getting install status for com.colt.coltengineering
[debug] &amp;#27;[35m[ADB]&amp;#27;[39m Running &apos;D:\TechSoftwares\AndroidSDK\platform-tools\adb.exe -P 5037 -s emulator-5554 shell dumpsys package com.colt.coltengineering&apos;
[debug] &amp;#27;[35m[ADB]&amp;#27;[39m &apos;com.colt.coltengineering&apos; is installed
[debug] &amp;#27;[35m[ADB]&amp;#27;[39m Running &apos;D:\TechSoftwares\AndroidSDK\platform-tools\adb.exe -P 5037 -s emulator-5554 shell am force-stop com.colt.coltengineering&apos;
[debug] &amp;#27;[35m[ADB]&amp;#27;[39m Running &apos;D:\TechSoftwares\AndroidSDK\platform-tools\adb.exe -P 5037 -s emulator-5554 shell pm clear com.colt.coltengineering&apos;
[debug] &amp;#27;[35m[ADB]&amp;#27;[39m Running &apos;D:\TechSoftwares\AndroidSDK\platform-tools\adb.exe -P 5037 -s emulator-5554 shell dumpsys package com.colt.coltengineering&apos;
[debug] &amp;#27;[35m[ADB]&amp;#27;[39m Retrieving requested permissions
[debug] &amp;#27;[35m[ADB]&amp;#27;[39m Retrieved 18 permissions from requested group
[debug] &amp;#27;[35m[ADB]&amp;#27;[39m Retrieving granted permissions
[debug] &amp;#27;[35m[ADB]&amp;#27;[39m Retrieved 6 permissions from install,runtime groups
[debug] &amp;#27;[35m[ADB]&amp;#27;[39m Granting permissions [&quot;android.permission.ACCESS_FINE_LOCATION&quot;,&quot;android.permission.ACCESS_COARSE_LOCATION&quot;,&quot;android.permission.WRITE_EXTERNAL_STORAGE&quot;,&quot;android.permission.READ_EXTERNAL_STORAGE&quot;,&quot;android.permission.CAMERA&quot;,&quot;android.permission.CALL_PHONE&quot;] to &apos;com.colt.coltengineering&apos;
[debug] &amp;#27;[35m[ADB]&amp;#27;[39m Got the following command chunks to execute: [[&quot;pm&quot;,&quot;grant&quot;,&quot;com.colt.coltengineering&quot;,&quot;android.permission.ACCESS_FINE_LOCATION&quot;,&quot;;&quot;,&quot;pm&quot;,&quot;grant&quot;,&quot;com.colt.coltengineering&quot;,&quot;android.permission.ACCESS_COARSE_LOCATION&quot;,&quot;;&quot;,&quot;pm&quot;,&quot;grant&quot;,&quot;com.colt.coltengineering&quot;,&quot;android.permission.WRITE_EXTERNAL_STORAGE&quot;,&quot;;&quot;,&quot;pm&quot;,&quot;grant&quot;,&quot;com.colt.coltengineering&quot;,&quot;android.permission.READ_EXTERNAL_STORAGE&quot;,&quot;;&quot;,&quot;pm&quot;,&quot;grant&quot;,&quot;com.colt.coltengineering&quot;,&quot;android.permission.CAMERA&quot;,&quot;;&quot;,&quot;pm&quot;,&quot;grant&quot;,&quot;com.colt.coltengineering&quot;,&quot;android.permission.CALL_PHONE&quot;,&quot;;&quot;]]
[debug] &amp;#27;[35m[ADB]&amp;#27;[39m Running &apos;D:\TechSoftwares\AndroidSDK\platform-tools\adb.exe -P 5037 -s emulator-5554 shell pm grant com.colt.coltengineering android.permission.ACCESS_FINE_LOCATION \; pm grant com.colt.coltengineering android.permission.ACCESS_COARSE_LOCATION \; pm grant com.colt.coltengineering android.permission.WRITE_EXTERNAL_STORAGE \; pm grant com.colt.coltengineering android.permission.READ_EXTERNAL_STORAGE \; pm grant com.colt.coltengineering android.permission.CAMERA \; pm grant com.colt.coltengineering android.permission.CALL_PHONE \;&apos;
[debug] &amp;#27;[35m[AndroidDriver]&amp;#27;[39m Performed fast reset on the installed &apos;com.colt.coltengineering&apos; application (stop and clear)
[debug] &amp;#27;[35m[UiAutomator2]&amp;#27;[39m Performing shallow cleanup of automation leftovers
[debug] &amp;#27;[35m[UiAutomator2]&amp;#27;[39m The following obsolete sessions are still running: [null]
[debug] &amp;#27;[35m[UiAutomator2]&amp;#27;[39m Cleaning up the obsolete sessions
[debug] &amp;#27;[35m[Instrumentation]&amp;#27;[39m .
[debug] &amp;#27;[35m[ADB]&amp;#27;[39m Running &apos;D:\TechSoftwares\AndroidSDK\platform-tools\adb.exe -P 5037 -s emulator-5554 shell am force-stop io.appium.uiautomator2.server.test&apos;
&amp;#27;[35m[UiAutomator2]&amp;#27;[39m Starting UIAutomator2 server 4.12.2
&amp;#27;[35m[UiAutomator2]&amp;#27;[39m Using UIAutomator2 server from &apos;C:\Users\Medhansh\AppData\Roaming\npm\node_modules\appium\node_modules\appium-uiautomator2-server\apks\appium-uiautomator2-server-v4.12.2.apk&apos; and test from &apos;C:\Users\Medhansh\AppData\Roaming\npm\node_modules\appium\node_modules\appium-uiautomator2-server\apks\appium-uiautomator2-server-debug-androidTest.apk&apos;
&amp;#27;[35m[UiAutomator2]&amp;#27;[39m Waiting up to 30000ms for UiAutomator2 to be online...
[debug] &amp;#27;[35m[ADB]&amp;#27;[39m Creating ADB subprocess with args: [&quot;-P&quot;,5037,&quot;-s&quot;,&quot;emulator-5554&quot;,&quot;shell&quot;,&quot;am&quot;,&quot;instrument&quot;,&quot;-w&quot;,&quot;io.appium.uiautomator2.server.test/androidx.test.runner.AndroidJUnitRunner&quot;]
[debug] &amp;#27;[35m[Instrumentation]&amp;#27;[39m Time: 36.136
[debug] &amp;#27;[35m[Instrumentation]&amp;#27;[39m 
[debug] &amp;#27;[35m[Instrumentation]&amp;#27;[39m OK (1 test)
[debug] &amp;#27;[35m[Instrumentation]&amp;#27;[39m The process has exited with code 0
[debug] &amp;#27;[35m[Instrumentation]&amp;#27;[39m io.appium.uiautomator2.server.test.AppiumUiAutomator2Server:
[debug] &amp;#27;[35m[WD Proxy]&amp;#27;[39m Matched &apos;/status&apos; to command name &apos;getStatus&apos;
[debug] &amp;#27;[35m[WD Proxy]&amp;#27;[39m Proxying [GET /status] to [GET http://127.0.0.1:8201/wd/hub/status] with no body
&amp;#27;[35m[WD Proxy]&amp;#27;[39m socket hang up
[debug] &amp;#27;[35m[WD Proxy]&amp;#27;[39m Matched &apos;/status&apos; to command name &apos;getStatus&apos;
[debug] &amp;#27;[35m[WD Proxy]&amp;#27;[39m Proxying [GET /status] to [GET http://127.0.0.1:8201/wd/hub/status] with no body
&amp;#27;[35m[WD Proxy]&amp;#27;[39m socket hang up
[debug] &amp;#27;[35m[WD Proxy]&amp;#27;[39m Matched &apos;/status&apos; to command name &apos;getStatus&apos;
[debug] &amp;#27;[35m[WD Proxy]&amp;#27;[39m Proxying [GET /status] to [GET http://127.0.0.1:8201/wd/hub/status] with no body
[debug] &amp;#27;[35m[WD Proxy]&amp;#27;[39m Got response with status 200: {&quot;sessionId&quot;:&quot;None&quot;,&quot;value&quot;:{&quot;message&quot;:&quot;UiAutomator2 Server is ready to accept commands&quot;,&quot;ready&quot;:true}}
[debug] &amp;#27;[35m[UiAutomator2]&amp;#27;[39m The initialization of the instrumentation process took 3127ms
[debug] &amp;#27;[35m[WD Proxy]&amp;#27;[39m Matched &apos;/session&apos; to command name &apos;createSession&apos;
[debug] &amp;#27;[35m[WD Proxy]&amp;#27;[39m Proxying [POST /session] to [POST http://127.0.0.1:8201/wd/hub/session] with body: {&quot;capabilities&quot;:{&quot;firstMatch&quot;:[{&quot;platform&quot;:&quot;LINUX&quot;,&quot;webStorageEnabled&quot;:false,&quot;takesScreenshot&quot;:true,&quot;javascriptEnabled&quot;:true,&quot;databaseEnabled&quot;:false,&quot;networkConnectionEnabled&quot;:true,&quot;locationContextEnabled&quot;:false,&quot;warnings&quot;:{},&quot;desired&quot;:{&quot;platformName&quot;:&quot;android&quot;,&quot;app&quot;:&quot;D:\\TechPractice\\Appium\\FieldEngineerApp/Apks/FEApp.apk&quot;,&quot;appActivity&quot;:&quot;com.colt.coltengineering.screen.SplashActivity&quot;,&quot;appPackage&quot;:&quot;com.colt.coltengineering&quot;,&quot;autoGrantPermissions&quot;:true,&quot;automationName&quot;:&quot;uiautomator2&quot;,&quot;avd&quot;:&quot;Pixel2&quot;,&quot;deviceName&quot;:&quot;pixel2&quot;},&quot;platformName&quot;:&quot;android&quot;,&quot;app&quot;:&quot;D:\\TechPractice\\Appium\\FieldEngineerApp/Apks/FEApp.apk&quot;,&quot;appActivity&quot;:&quot;com.colt.coltengineering.screen.SplashActivity&quot;,&quot;appPackage&quot;:&quot;com.colt.coltengineering&quot;,&quot;autoGrantPermissions&quot;:true,&quot;automationName&quot;:&quot;uiautomator2&quot;,&quot;avd&quot;:&quot;Pixel2&quot;,&quot;deviceName&quot;:&quot;emulator-5554&quot;,&quot;deviceUDID&quot;:&quot;emulator-5554&quot;}],&quot;alwaysMatch&quot;:{}}}
[debug] &amp;#27;[35m[WD Proxy]&amp;#27;[39m Got response with status 200: {&quot;sessionId&quot;:&quot;1c9b7c1f-d7b0-439d-b7aa-725fe6b9a136&quot;,&quot;value&quot;:{&quot;capabilities&quot;:{&quot;firstMatch&quot;:[{&quot;platform&quot;:&quot;LINUX&quot;,&quot;webStorageEnabled&quot;:false,&quot;takesScreenshot&quot;:true,&quot;javascriptEnabled&quot;:true,&quot;databaseEnabled&quot;:false,&quot;networkConnectionEnabled&quot;:true,&quot;locationContextEnabled&quot;:false,&quot;warnings&quot;:{},&quot;desired&quot;:{&quot;platformName&quot;:&quot;android&quot;,&quot;app&quot;:&quot;D:\\TechPractice\\Appium\\FieldEngineerApp/Apks/FEApp.apk&quot;,&quot;appActivity&quot;:&quot;com.colt.coltengineering.screen.SplashActivity&quot;,&quot;appPackage&quot;:&quot;com.colt.coltengineering&quot;,&quot;autoGrantPermissions&quot;:true,&quot;automationName&quot;:&quot;uiautomator2&quot;,&quot;avd&quot;:&quot;Pixel2&quot;,&quot;deviceName&quot;:&quot;pixel2&quot;},&quot;platformName&quot;:&quot;android&quot;,&quot;app&quot;:&quot;D:\\TechPractice\\Appium\\FieldEngineerApp/Apks/FEApp.apk&quot;,&quot;appActivity&quot;:&quot;com.colt.coltengineering.screen.SplashActivity&quot;,&quot;appPackage&quot;:&quot;com.colt.coltengineering&quot;,&quot;autoGrantPermissions&quot;:true,&quot;automationName&quot;:&quot;uiautomator2&quot;,&quot;avd&quot;:&quot;Pixel2&quot;,&quot;deviceName&quot;:&quot;emulator-5554&quot;,&quot;deviceUDID&quot;:&quot;emulator-5554&quot;}],&quot;alwaysMatch&quot;:{}},&quot;sessionId&quot;:&quot;1c9b7c1f-d7b0-439d-b7aa-725fe6b9a136&quot;}}
&amp;#27;[35m[WD Proxy]&amp;#27;[39m Determined the downstream protocol as &apos;W3C&apos;
[debug] &amp;#27;[35m[WD Proxy]&amp;#27;[39m Proxying [GET /appium/device/info] to [GET http://127.0.0.1:8201/wd/hub/session/1c9b7c1f-d7b0-439d-b7aa-725fe6b9a136/appium/device/info] with no body
[debug] &amp;#27;[35m[WD Proxy]&amp;#27;[39m Got response with status 200: {&quot;sessionId&quot;:&quot;1c9b7c1f-d7b0-439d-b7aa-725fe6b9a136&quot;,&quot;value&quot;:{&quot;androidId&quot;:&quot;e45960c38005a994&quot;,&quot;apiVersion&quot;:&quot;28&quot;,&quot;bluetooth&quot;:null,&quot;brand&quot;:&quot;google&quot;,&quot;carrierName&quot;:&quot;Android&quot;,&quot;displayDensity&quot;:420,&quot;locale&quot;:&quot;en_US&quot;,&quot;manufacturer&quot;:&quot;Google&quot;,&quot;model&quot;:&quot;AOSP on IA Emulator&quot;,&quot;networks&quot;:[{&quot;capabilities&quot;:{&quot;SSID&quot;:null,&quot;linkDownBandwidthKbps&quot;:102400,&quot;linkUpstreamBandwidthKbps&quot;:51200,&quot;networkCapabilities&quot;:&quot;NET_CAPABILITY_MMS,NET_CAPABILITY_SUPL,NET_CAPABILITY_DUN,NET_CAPABILITY_FOTA,NET_CAPABILITY_IMS,NET_CAPABILITY_CBS,NET_CAPABILITY_IA,NET_CAPABILITY_INTERNET,NET_CAPABILITY_NOT_RESTRICTED,NET_CAPABILITY_TRUSTED,NET_CAPABILITY_NOT_VPN,NET_CAPABILITY_VALIDATED,NET_CAPABILITY_NOT_ROAMING,NET_CAPABILITY_NOT_CONGESTED,NET_CAPABILITY_NOT_SUSPENDED&quot;,&quot;signalStrength&quot;:-2147483648,&quot;transportTypes&quot;:&quot;TRANSPORT_CELLULAR&quot;},&quot;detailedState&quot;:&quot;CONNECTED&quot;,&quot;extraInfo&quot;:&quot;epc.tmobile.com&quot;,&quot;isAvailable&quot;:true,&quot;isConnected&quot;:true,&quot;isFailover&quot;:false,&quot;isRoaming&quot;:false,&quot;state&quot;:&quot;CONNECTED&quot;,&quot;subtype&quot;:13,&quot;subtypeName&quot;:&quot;LTE&quot;,&quot;type&quot;:0,&quot;typeName&quot;:&quot;MOBILE&quot;},{&quot;c...
[debug] &amp;#27;[35m[ADB]&amp;#27;[39m Running &apos;D:\TechSoftwares\AndroidSDK\platform-tools\adb.exe -P 5037 -s emulator-5554 shell dumpsys window&apos;
&amp;#27;[35m[AndroidDriver]&amp;#27;[39m Screen already unlocked, doing nothing
&amp;#27;[35m[UiAutomator2]&amp;#27;[39m Starting &apos;com.colt.coltengineering/com.colt.coltengineering.screen.SplashActivity and waiting for &apos;com.colt.coltengineering/com.colt.coltengineering.screen.SplashActivity&apos;
[debug] &amp;#27;[35m[ADB]&amp;#27;[39m Running &apos;D:\TechSoftwares\AndroidSDK\platform-tools\adb.exe -P 5037 -s emulator-5554 shell am start -W -n com.colt.coltengineering/com.colt.coltengineering.screen.SplashActivity -S -a android.intent.action.MAIN -c android.intent.category.LAUNCHER -f 0x10200000&apos;
[debug] &amp;#27;[35m[WD Proxy]&amp;#27;[39m Proxying [GET /appium/device/pixel_ratio] to [GET http://127.0.0.1:8201/wd/hub/session/1c9b7c1f-d7b0-439d-b7aa-725fe6b9a136/appium/device/pixel_ratio] with no body
[debug] &amp;#27;[35m[WD Proxy]&amp;#27;[39m Got response with status 200: {&quot;sessionId&quot;:&quot;1c9b7c1f-d7b0-439d-b7aa-725fe6b9a136&quot;,&quot;value&quot;:2.625}
[debug] &amp;#27;[35m[WD Proxy]&amp;#27;[39m Matched &apos;/appium/device/system_bars&apos; to command name &apos;getSystemBars&apos;
[debug] &amp;#27;[35m[WD Proxy]&amp;#27;[39m Proxying [GET /appium/device/system_bars] to [GET http://127.0.0.1:8201/wd/hub/session/1c9b7c1f-d7b0-439d-b7aa-725fe6b9a136/appium/device/system_bars] with no body
[debug] &amp;#27;[35m[WD Proxy]&amp;#27;[39m Got response with status 200: {&quot;sessionId&quot;:&quot;1c9b7c1f-d7b0-439d-b7aa-725fe6b9a136&quot;,&quot;value&quot;:{&quot;statusBar&quot;:63}}
[debug] &amp;#27;[35m[WD Proxy]&amp;#27;[39m Matched &apos;/window/current/size&apos; to command name &apos;getWindowSize&apos;
[debug] &amp;#27;[35m[WD Proxy]&amp;#27;[39m Proxying [GET /window/current/size] to [GET http://127.0.0.1:8201/wd/hub/session/1c9b7c1f-d7b0-439d-b7aa-725fe6b9a136/window/current/size] with no body
[debug] &amp;#27;[35m[WD Proxy]&amp;#27;[39m Got response with status 200: {&quot;sessionId&quot;:&quot;1c9b7c1f-d7b0-439d-b7aa-725fe6b9a136&quot;,&quot;value&quot;:{&quot;height&quot;:1794,&quot;width&quot;:1080}}
&amp;#27;[35m[Appium]&amp;#27;[39m New AndroidUiautomator2Driver session created successfully, session e148836a-4958-4ac0-846b-1727609d8f58 added to master session list
[debug] &amp;#27;[35m[BaseDriver]&amp;#27;[39m Event &apos;newSessionStarted&apos; logged at 1603974408272 (17:56:48 GMT+0530 (India Standard Time))
[debug] &amp;#27;[35m[W3C (e148836a)]&amp;#27;[39m Cached the protocol value &apos;W3C&apos; for the new session e148836a-4958-4ac0-846b-1727609d8f58
[debug] &amp;#27;[35m[W3C (e148836a)]&amp;#27;[39m Responding to client with driver.createSession() result: {&quot;capabilities&quot;:{&quot;platform&quot;:&quot;LINUX&quot;,&quot;webStorageEnabled&quot;:false,&quot;takesScreenshot&quot;:true,&quot;javascriptEnabled&quot;:true,&quot;databaseEnabled&quot;:false,&quot;networkConnectionEnabled&quot;:true,&quot;locationContextEnabled&quot;:false,&quot;warnings&quot;:{},&quot;desired&quot;:{&quot;platformName&quot;:&quot;android&quot;,&quot;app&quot;:&quot;D:\\TechPractice\\Appium\\FieldEngineerApp/Apks/FEApp.apk&quot;,&quot;appActivity&quot;:&quot;com.colt.coltengineering.screen.SplashActivity&quot;,&quot;appPackage&quot;:&quot;com.colt.coltengineering&quot;,&quot;autoGrantPermissions&quot;:true,&quot;automationName&quot;:&quot;uiautomator2&quot;,&quot;avd&quot;:&quot;Pixel2&quot;,&quot;deviceName&quot;:&quot;pixel2&quot;},&quot;platformName&quot;:&quot;android&quot;,&quot;app&quot;:&quot;D:\\TechPractice\\Appium\\FieldEngineerApp/Apks/FEApp.apk&quot;,&quot;appActivity&quot;:&quot;com.colt.coltengineering.screen.SplashActivity&quot;,&quot;appPackage&quot;:&quot;com.colt.coltengineering&quot;,&quot;autoGrantPermissions&quot;:true,&quot;automationName&quot;:&quot;uiautomator2&quot;,&quot;avd&quot;:&quot;Pixel2&quot;,&quot;deviceName&quot;:&quot;emulator-5554&quot;,&quot;deviceUDID&quot;:&quot;emulator-5554&quot;,&quot;deviceApiLevel&quot;:28,&quot;platformVersion&quot;:&quot;9&quot;,&quot;deviceScreenSize&quot;:&quot;1080x1920&quot;,&quot;deviceScreenDensity&quot;:420,&quot;deviceModel&quot;:&quot;AOSP on IA Emulator&quot;,&quot;deviceManufacturer&quot;:&quot;Google&quot;,&quot;pixelRatio&quot;:2....
&amp;#27;[35m[HTTP]&amp;#27;[39m &amp;#27;[37m&lt;-- POST /wd/hub/session &amp;#27;[39m&amp;#27;[32m200&amp;#27;[39m &amp;#27;[90m11588 ms - 1168&amp;#27;[39m
&amp;#27;[35m[HTTP]&amp;#27;[39m &amp;#27;[90m&amp;#27;[39m
&amp;#27;[35m[HTTP]&amp;#27;[39m &amp;#27;[37m--&gt;&amp;#27;[39m &amp;#27;[37mPOST&amp;#27;[39m &amp;#27;[37m/wd/hub/session/e148836a-4958-4ac0-846b-1727609d8f58/timeouts&amp;#27;[39m
&amp;#27;[35m[HTTP]&amp;#27;[39m &amp;#27;[90m{&quot;implicit&quot;:30000}&amp;#27;[39m
[debug] &amp;#27;[35m[W3C (e148836a)]&amp;#27;[39m Calling AppiumDriver.timeouts() with args: [null,null,null,null,30000,&quot;e148836a-4958-4ac0-846b-1727609d8f58&quot;]
[debug] &amp;#27;[35m[BaseDriver]&amp;#27;[39m W3C timeout argument: {&quot;implicit&quot;:30000}}
[debug] &amp;#27;[35m[BaseDriver]&amp;#27;[39m Set implicit wait to 30000ms
[debug] &amp;#27;[35m[W3C (e148836a)]&amp;#27;[39m Responding to client with driver.timeouts() result: null
&amp;#27;[35m[HTTP]&amp;#27;[39m &amp;#27;[37m&lt;-- POST /wd/hub/session/e148836a-4958-4ac0-846b-1727609d8f58/timeouts &amp;#27;[39m&amp;#27;[32m200&amp;#27;[39m &amp;#27;[90m7 ms - 14&amp;#27;[39m
&amp;#27;[35m[HTTP]&amp;#27;[39m &amp;#27;[90m&amp;#27;[39m
&amp;#27;[35m[HTTP]&amp;#27;[39m &amp;#27;[37m--&gt;&amp;#27;[39m &amp;#27;[37mGET&amp;#27;[39m &amp;#27;[37m/wd/hub/session/e148836a-4958-4ac0-846b-1727609d8f58/context&amp;#27;[39m
&amp;#27;[35m[HTTP]&amp;#27;[39m &amp;#27;[90m{}&amp;#27;[39m
[debug] &amp;#27;[35m[W3C (e148836a)]&amp;#27;[39m Calling AppiumDriver.getCurrentContext() with args: [&quot;e148836a-4958-4ac0-846b-1727609d8f58&quot;]
[debug] &amp;#27;[35m[W3C (e148836a)]&amp;#27;[39m Responding to client with driver.getCurrentContext() result: &quot;NATIVE_APP&quot;
&amp;#27;[35m[HTTP]&amp;#27;[39m &amp;#27;[37m&lt;-- GET /wd/hub/session/e148836a-4958-4ac0-846b-1727609d8f58/context &amp;#27;[39m&amp;#27;[32m200&amp;#27;[39m &amp;#27;[90m7 ms - 22&amp;#27;[39m
&amp;#27;[35m[HTTP]&amp;#27;[39m &amp;#27;[90m&amp;#27;[39m
&amp;#27;[35m[HTTP]&amp;#27;[39m &amp;#27;[37m--&gt;&amp;#27;[39m &amp;#27;[37mPOST&amp;#27;[39m &amp;#27;[37m/wd/hub/session/e148836a-4958-4ac0-846b-1727609d8f58/element&amp;#27;[39m
&amp;#27;[35m[HTTP]&amp;#27;[39m &amp;#27;[90m{&quot;using&quot;:&quot;-android uiautomator&quot;,&quot;value&quot;:&quot;text(\&quot;User ID\&quot;)&quot;}&amp;#27;[39m
[debug] &amp;#27;[35m[W3C (e148836a)]&amp;#27;[39m Calling AppiumDriver.findElement() with args: [&quot;-android uiautomator&quot;,&quot;text(\&quot;User ID\&quot;)&quot;,&quot;e148836a-4958-4ac0-846b-1727609d8f58&quot;]
[debug] &amp;#27;[35m[BaseDriver]&amp;#27;[39m Valid locator strategies for this request: xpath, id, class name, accessibility id, -android uiautomator
[debug] &amp;#27;[35m[BaseDriver]&amp;#27;[39m Waiting up to 30000 ms for condition
[debug] &amp;#27;[35m[WD Proxy]&amp;#27;[39m Matched &apos;/element&apos; to command name &apos;findElement&apos;
[debug] &amp;#27;[35m[WD Proxy]&amp;#27;[39m Proxying [POST /element] to [POST http://127.0.0.1:8201/wd/hub/session/1c9b7c1f-d7b0-439d-b7aa-725fe6b9a136/element] with body: {&quot;strategy&quot;:&quot;-android uiautomator&quot;,&quot;selector&quot;:&quot;text(\&quot;User ID\&quot;)&quot;,&quot;context&quot;:&quot;&quot;,&quot;multiple&quot;:false}
[debug] &amp;#27;[35m[WD Proxy]&amp;#27;[39m Got response with status 200: {&quot;sessionId&quot;:&quot;1c9b7c1f-d7b0-439d-b7aa-725fe6b9a136&quot;,&quot;value&quot;:{&quot;ELEMENT&quot;:&quot;541a5841-1bc9-4d1a-945c-555213f877b3&quot;,&quot;element-6066-11e4-a52e-4f735466cecf&quot;:&quot;541a5841-1bc9-4d1a-945c-555213f877b3&quot;}}
[debug] &amp;#27;[35m[W3C (e148836a)]&amp;#27;[39m Responding to client with driver.findElement() result: {&quot;element-6066-11e4-a52e-4f735466cecf&quot;:&quot;541a5841-1bc9-4d1a-945c-555213f877b3&quot;,&quot;ELEMENT&quot;:&quot;541a5841-1bc9-4d1a-945c-555213f877b3&quot;}
&amp;#27;[35m[HTTP]&amp;#27;[39m &amp;#27;[37m&lt;-- POST /wd/hub/session/e148836a-4958-4ac0-846b-1727609d8f58/element &amp;#27;[39m&amp;#27;[32m200&amp;#27;[39m &amp;#27;[90m691 ms - 137&amp;#27;[39m
&amp;#27;[35m[HTTP]&amp;#27;[39m &amp;#27;[90m&amp;#27;[39m
&amp;#27;[35m[HTTP]&amp;#27;[39m &amp;#27;[37m--&gt;&amp;#27;[39m &amp;#27;[37mPOST&amp;#27;[39m &amp;#27;[37m/wd/hub/session/e148836a-4958-4ac0-846b-1727609d8f58/element/541a5841-1bc9-4d1a-945c-555213f877b3/value&amp;#27;[39m
&amp;#27;[35m[HTTP]&amp;#27;[39m &amp;#27;[90m{&quot;id&quot;:&quot;541a5841-1bc9-4d1a-945c-555213f877b3&quot;,&quot;text&quot;:&quot;coltonlinedcp&quot;,&quot;value&quot;:[&quot;c&quot;,&quot;o&quot;,&quot;l&quot;,&quot;t&quot;,&quot;o&quot;,&quot;n&quot;,&quot;l&quot;,&quot;i&quot;,&quot;n&quot;,&quot;e&quot;,&quot;d&quot;,&quot;c&quot;,&quot;p&quot;]}&amp;#27;[39m
[debug] &amp;#27;[35m[W3C (e148836a)]&amp;#27;[39m Calling AppiumDriver.setValue() with args: [[&quot;c&quot;,&quot;o&quot;,&quot;l&quot;,&quot;t&quot;,&quot;o&quot;,&quot;n&quot;,&quot;l&quot;,&quot;i&quot;,&quot;n&quot;,&quot;e&quot;,&quot;d&quot;,&quot;c&quot;,&quot;p&quot;],&quot;541a5841-1bc9-4d1a-945c-555213f877b3&quot;,&quot;e148836a-4958-4ac0-846b-1727609d8f58&quot;]
[debug] &amp;#27;[35m[WD Proxy]&amp;#27;[39m Matched &apos;/element/541a5841-1bc9-4d1a-945c-555213f877b3/value&apos; to command name &apos;setValue&apos;
[debug] &amp;#27;[35m[Protocol Converter]&amp;#27;[39m Added &apos;value&apos; property [&quot;c&quot;,&quot;o&quot;,&quot;l&quot;,&quot;t&quot;,&quot;o&quot;,&quot;n&quot;,&quot;l&quot;,&quot;i&quot;,&quot;n&quot;,&quot;e&quot;,&quot;d&quot;,&quot;c&quot;,&quot;p&quot;] to &apos;setValue&apos; request body
[debug] &amp;#27;[35m[WD Proxy]&amp;#27;[39m Proxying [POST /element/541a5841-1bc9-4d1a-945c-555213f877b3/value] to [POST http://127.0.0.1:8201/wd/hub/session/1c9b7c1f-d7b0-439d-b7aa-725fe6b9a136/element/541a5841-1bc9-4d1a-945c-555213f877b3/value] with body: {&quot;elementId&quot;:&quot;541a5841-1bc9-4d1a-945c-555213f877b3&quot;,&quot;text&quot;:&quot;coltonlinedcp&quot;,&quot;replace&quot;:false,&quot;value&quot;:[&quot;c&quot;,&quot;o&quot;,&quot;l&quot;,&quot;t&quot;,&quot;o&quot;,&quot;n&quot;,&quot;l&quot;,&quot;i&quot;,&quot;n&quot;,&quot;e&quot;,&quot;d&quot;,&quot;c&quot;,&quot;p&quot;]}
[debug] &amp;#27;[35m[WD Proxy]&amp;#27;[39m Got response with status 200: {&quot;sessionId&quot;:&quot;1c9b7c1f-d7b0-439d-b7aa-725fe6b9a136&quot;,&quot;value&quot;:null}
[debug] &amp;#27;[35m[W3C (e148836a)]&amp;#27;[39m Responding to client with driver.setValue() result: null
&amp;#27;[35m[HTTP]&amp;#27;[39m &amp;#27;[37m&lt;-- POST /wd/hub/session/e148836a-4958-4ac0-846b-1727609d8f58/element/541a5841-1bc9-4d1a-945c-555213f877b3/value &amp;#27;[39m&amp;#27;[32m200&amp;#27;[39m &amp;#27;[90m730 ms - 14&amp;#27;[39m
&amp;#27;[35m[HTTP]&amp;#27;[39m &amp;#27;[90m&amp;#27;[39m
&amp;#27;[35m[HTTP]&amp;#27;[39m &amp;#27;[37m--&gt;&amp;#27;[39m &amp;#27;[37mGET&amp;#27;[39m &amp;#27;[37m/wd/hub/session/e148836a-4958-4ac0-846b-1727609d8f58/context&amp;#27;[39m
&amp;#27;[35m[HTTP]&amp;#27;[39m &amp;#27;[90m{}&amp;#27;[39m
[debug] &amp;#27;[35m[W3C (e148836a)]&amp;#27;[39m Calling AppiumDriver.getCurrentContext() with args: [&quot;e148836a-4958-4ac0-846b-1727609d8f58&quot;]
[debug] &amp;#27;[35m[W3C (e148836a)]&amp;#27;[39m Responding to client with driver.getCurrentContext() result: &quot;NATIVE_APP&quot;
&amp;#27;[35m[HTTP]&amp;#27;[39m &amp;#27;[37m&lt;-- GET /wd/hub/session/e148836a-4958-4ac0-846b-1727609d8f58/context &amp;#27;[39m&amp;#27;[32m200&amp;#27;[39m &amp;#27;[90m2 ms - 22&amp;#27;[39m
&amp;#27;[35m[HTTP]&amp;#27;[39m &amp;#27;[90m&amp;#27;[39m
&amp;#27;[35m[HTTP]&amp;#27;[39m &amp;#27;[37m--&gt;&amp;#27;[39m &amp;#27;[37mPOST&amp;#27;[39m &amp;#27;[37m/wd/hub/session/e148836a-4958-4ac0-846b-1727609d8f58/element&amp;#27;[39m
&amp;#27;[35m[HTTP]&amp;#27;[39m &amp;#27;[90m{&quot;using&quot;:&quot;-android uiautomator&quot;,&quot;value&quot;:&quot;text(\&quot;Password\&quot;)&quot;}&amp;#27;[39m
[debug] &amp;#27;[35m[W3C (e148836a)]&amp;#27;[39m Calling AppiumDriver.findElement() with args: [&quot;-android uiautomator&quot;,&quot;text(\&quot;Password\&quot;)&quot;,&quot;e148836a-4958-4ac0-846b-1727609d8f58&quot;]
[debug] &amp;#27;[35m[BaseDriver]&amp;#27;[39m Valid locator strategies for this request: xpath, id, class name, accessibility id, -android uiautomator
[debug] &amp;#27;[35m[BaseDriver]&amp;#27;[39m Waiting up to 30000 ms for condition
[debug] &amp;#27;[35m[WD Proxy]&amp;#27;[39m Matched &apos;/element&apos; to command name &apos;findElement&apos;
[debug] &amp;#27;[35m[WD Proxy]&amp;#27;[39m Proxying [POST /element] to [POST http://127.0.0.1:8201/wd/hub/session/1c9b7c1f-d7b0-439d-b7aa-725fe6b9a136/element] with body: {&quot;strategy&quot;:&quot;-android uiautomator&quot;,&quot;selector&quot;:&quot;text(\&quot;Password\&quot;)&quot;,&quot;context&quot;:&quot;&quot;,&quot;multiple&quot;:false}
[debug] &amp;#27;[35m[WD Proxy]&amp;#27;[39m Got response with status 200: {&quot;sessionId&quot;:&quot;1c9b7c1f-d7b0-439d-b7aa-725fe6b9a136&quot;,&quot;value&quot;:{&quot;ELEMENT&quot;:&quot;a8051b8c-b25d-47b4-8d46-bb9eb15e4fc4&quot;,&quot;element-6066-11e4-a52e-4f735466cecf&quot;:&quot;a8051b8c-b25d-47b4-8d46-bb9eb15e4fc4&quot;}}
[debug] &amp;#27;[35m[W3C (e148836a)]&amp;#27;[39m Responding to client with driver.findElement() result: {&quot;element-6066-11e4-a52e-4f735466cecf&quot;:&quot;a8051b8c-b25d-47b4-8d46-bb9eb15e4fc4&quot;,&quot;ELEMENT&quot;:&quot;a8051b8c-b25d-47b4-8d46-bb9eb15e4fc4&quot;}
&amp;#27;[35m[HTTP]&amp;#27;[39m &amp;#27;[37m&lt;-- POST /wd/hub/session/e148836a-4958-4ac0-846b-1727609d8f58/element &amp;#27;[39m&amp;#27;[32m200&amp;#27;[39m &amp;#27;[90m500 ms - 137&amp;#27;[39m
&amp;#27;[35m[HTTP]&amp;#27;[39m &amp;#27;[90m&amp;#27;[39m
&amp;#27;[35m[HTTP]&amp;#27;[39m &amp;#27;[37m--&gt;&amp;#27;[39m &amp;#27;[37mPOST&amp;#27;[39m &amp;#27;[37m/wd/hub/session/e148836a-4958-4ac0-846b-1727609d8f58/element/a8051b8c-b25d-47b4-8d46-bb9eb15e4fc4/value&amp;#27;[39m
&amp;#27;[35m[HTTP]&amp;#27;[39m &amp;#27;[90m{&quot;id&quot;:&quot;a8051b8c-b25d-47b4-8d46-bb9eb15e4fc4&quot;,&quot;text&quot;:&quot;Colt@1234&quot;,&quot;value&quot;:[&quot;C&quot;,&quot;o&quot;,&quot;l&quot;,&quot;t&quot;,&quot;@&quot;,&quot;1&quot;,&quot;2&quot;,&quot;3&quot;,&quot;4&quot;]}&amp;#27;[39m
[debug] &amp;#27;[35m[W3C (e148836a)]&amp;#27;[39m Calling AppiumDriver.setValue() with args: [[&quot;C&quot;,&quot;o&quot;,&quot;l&quot;,&quot;t&quot;,&quot;@&quot;,&quot;1&quot;,&quot;2&quot;,&quot;3&quot;,&quot;4&quot;],&quot;a8051b8c-b25d-47b4-8d46-bb9eb15e4fc4&quot;,&quot;e148836a-4958-4ac0-846b-1727609d8f58&quot;]
[debug] &amp;#27;[35m[WD Proxy]&amp;#27;[39m Matched &apos;/element/a8051b8c-b25d-47b4-8d46-bb9eb15e4fc4/value&apos; to command name &apos;setValue&apos;
[debug] &amp;#27;[35m[Protocol Converter]&amp;#27;[39m Added &apos;value&apos; property [&quot;C&quot;,&quot;o&quot;,&quot;l&quot;,&quot;t&quot;,&quot;@&quot;,&quot;1&quot;,&quot;2&quot;,&quot;3&quot;,&quot;4&quot;] to &apos;setValue&apos; request body
[debug] &amp;#27;[35m[WD Proxy]&amp;#27;[39m Proxying [POST /element/a8051b8c-b25d-47b4-8d46-bb9eb15e4fc4/value] to [POST http://127.0.0.1:8201/wd/hub/session/1c9b7c1f-d7b0-439d-b7aa-725fe6b9a136/element/a8051b8c-b25d-47b4-8d46-bb9eb15e4fc4/value] with body: {&quot;elementId&quot;:&quot;a8051b8c-b25d-47b4-8d46-bb9eb15e4fc4&quot;,&quot;text&quot;:&quot;Colt@1234&quot;,&quot;replace&quot;:false,&quot;value&quot;:[&quot;C&quot;,&quot;o&quot;,&quot;l&quot;,&quot;t&quot;,&quot;@&quot;,&quot;1&quot;,&quot;2&quot;,&quot;3&quot;,&quot;4&quot;]}
[debug] &amp;#27;[35m[WD Proxy]&amp;#27;[39m Got response with status 200: {&quot;sessionId&quot;:&quot;1c9b7c1f-d7b0-439d-b7aa-725fe6b9a136&quot;,&quot;value&quot;:null}
[debug] &amp;#27;[35m[W3C (e148836a)]&amp;#27;[39m Responding to client with driver.setValue() result: null
&amp;#27;[35m[HTTP]&amp;#27;[39m &amp;#27;[37m&lt;-- POST /wd/hub/session/e148836a-4958-4ac0-846b-1727609d8f58/element/a8051b8c-b25d-47b4-8d46-bb9eb15e4fc4/value &amp;#27;[39m&amp;#27;[32m200&amp;#27;[39m &amp;#27;[90m571 ms - 14&amp;#27;[39m
&amp;#27;[35m[HTTP]&amp;#27;[39m &amp;#27;[90m&amp;#27;[39m
&amp;#27;[35m[HTTP]&amp;#27;[39m &amp;#27;[37m--&gt;&amp;#27;[39m &amp;#27;[37mGET&amp;#27;[39m &amp;#27;[37m/wd/hub/session/e148836a-4958-4ac0-846b-1727609d8f58/context&amp;#27;[39m
&amp;#27;[35m[HTTP]&amp;#27;[39m &amp;#27;[90m{}&amp;#27;[39m
[debug] &amp;#27;[35m[W3C (e148836a)]&amp;#27;[39m Calling AppiumDriver.getCurrentContext() with args: [&quot;e148836a-4958-4ac0-846b-1727609d8f58&quot;]
[debug] &amp;#27;[35m[W3C (e148836a)]&amp;#27;[39m Responding to client with driver.getCurrentContext() result: &quot;NATIVE_APP&quot;
&amp;#27;[35m[HTTP]&amp;#27;[39m &amp;#27;[37m&lt;-- GET /wd/hub/session/e148836a-4958-4ac0-846b-1727609d8f58/context &amp;#27;[39m&amp;#27;[32m200&amp;#27;[39m &amp;#27;[90m2 ms - 22&amp;#27;[39m
&amp;#27;[35m[HTTP]&amp;#27;[39m &amp;#27;[90m&amp;#27;[39m
&amp;#27;[35m[HTTP]&amp;#27;[39m &amp;#27;[37m--&gt;&amp;#27;[39m &amp;#27;[37mPOST&amp;#27;[39m &amp;#27;[37m/wd/hub/session/e148836a-4958-4ac0-846b-1727609d8f58/element&amp;#27;[39m
&amp;#27;[35m[HTTP]&amp;#27;[39m &amp;#27;[90m{&quot;using&quot;:&quot;-android uiautomator&quot;,&quot;value&quot;:&quot;text(\&quot;Remember me\&quot;)&quot;}&amp;#27;[39m
[debug] &amp;#27;[35m[W3C (e148836a)]&amp;#27;[39m Calling AppiumDriver.findElement() with args: [&quot;-android uiautomator&quot;,&quot;text(\&quot;Remember me\&quot;)&quot;,&quot;e148836a-4958-4ac0-846b-1727609d8f58&quot;]
[debug] &amp;#27;[35m[BaseDriver]&amp;#27;[39m Valid locator strategies for this request: xpath, id, class name, accessibility id, -android uiautomator
[debug] &amp;#27;[35m[BaseDriver]&amp;#27;[39m Waiting up to 30000 ms for condition
[debug] &amp;#27;[35m[WD Proxy]&amp;#27;[39m Matched &apos;/element&apos; to command name &apos;findElement&apos;
[debug] &amp;#27;[35m[WD Proxy]&amp;#27;[39m Proxying [POST /element] to [POST http://127.0.0.1:8201/wd/hub/session/1c9b7c1f-d7b0-439d-b7aa-725fe6b9a136/element] with body: {&quot;strategy&quot;:&quot;-android uiautomator&quot;,&quot;selector&quot;:&quot;text(\&quot;Remember me\&quot;)&quot;,&quot;context&quot;:&quot;&quot;,&quot;multiple&quot;:false}
[debug] &amp;#27;[35m[WD Proxy]&amp;#27;[39m Got response with status 200: {&quot;sessionId&quot;:&quot;1c9b7c1f-d7b0-439d-b7aa-725fe6b9a136&quot;,&quot;value&quot;:{&quot;ELEMENT&quot;:&quot;c01dde88-7842-457d-a45f-dfd5c0ad3d8c&quot;,&quot;element-6066-11e4-a52e-4f735466cecf&quot;:&quot;c01dde88-7842-457d-a45f-dfd5c0ad3d8c&quot;}}
[debug] &amp;#27;[35m[W3C (e148836a)]&amp;#27;[39m Responding to client with driver.findElement() result: {&quot;element-6066-11e4-a52e-4f735466cecf&quot;:&quot;c01dde88-7842-457d-a45f-dfd5c0ad3d8c&quot;,&quot;ELEMENT&quot;:&quot;c01dde88-7842-457d-a45f-dfd5c0ad3d8c&quot;}
&amp;#27;[35m[HTTP]&amp;#27;[39m &amp;#27;[37m&lt;-- POST /wd/hub/session/e148836a-4958-4ac0-846b-1727609d8f58/element &amp;#27;[39m&amp;#27;[32m200&amp;#27;[39m &amp;#27;[90m501 ms - 137&amp;#27;[39m
&amp;#27;[35m[HTTP]&amp;#27;[39m &amp;#27;[90m&amp;#27;[39m
&amp;#27;[35m[HTTP]&amp;#27;[39m &amp;#27;[37m--&gt;&amp;#27;[39m &amp;#27;[37mPOST&amp;#27;[39m &amp;#27;[37m/wd/hub/session/e148836a-4958-4ac0-846b-1727609d8f58/element/c01dde88-7842-457d-a45f-dfd5c0ad3d8c/click&amp;#27;[39m
&amp;#27;[35m[HTTP]&amp;#27;[39m &amp;#27;[90m{&quot;id&quot;:&quot;c01dde88-7842-457d-a45f-dfd5c0ad3d8c&quot;}&amp;#27;[39m
[debug] &amp;#27;[35m[W3C (e148836a)]&amp;#27;[39m Calling AppiumDriver.click() with args: [&quot;c01dde88-7842-457d-a45f-dfd5c0ad3d8c&quot;,&quot;e148836a-4958-4ac0-846b-1727609d8f58&quot;]
[debug] &amp;#27;[35m[WD Proxy]&amp;#27;[39m Matched &apos;/element/c01dde88-7842-457d-a45f-dfd5c0ad3d8c/click&apos; to command name &apos;click&apos;
[debug] &amp;#27;[35m[WD Proxy]&amp;#27;[39m Proxying [POST /element/c01dde88-7842-457d-a45f-dfd5c0ad3d8c/click] to [POST http://127.0.0.1:8201/wd/hub/session/1c9b7c1f-d7b0-439d-b7aa-725fe6b9a136/element/c01dde88-7842-457d-a45f-dfd5c0ad3d8c/click] with body: {&quot;element&quot;:&quot;c01dde88-7842-457d-a45f-dfd5c0ad3d8c&quot;}
[debug] &amp;#27;[35m[WD Proxy]&amp;#27;[39m Got response with status 200: {&quot;sessionId&quot;:&quot;1c9b7c1f-d7b0-439d-b7aa-725fe6b9a136&quot;,&quot;value&quot;:null}
[debug] &amp;#27;[35m[W3C (e148836a)]&amp;#27;[39m Responding to client with driver.click() result: null
&amp;#27;[35m[HTTP]&amp;#27;[39m &amp;#27;[37m&lt;-- POST /wd/hub/session/e148836a-4958-4ac0-846b-1727609d8f58/element/c01dde88-7842-457d-a45f-dfd5c0ad3d8c/click &amp;#27;[39m&amp;#27;[32m200&amp;#27;[39m &amp;#27;[90m658 ms - 14&amp;#27;[39m
&amp;#27;[35m[HTTP]&amp;#27;[39m &amp;#27;[90m&amp;#27;[39m
&amp;#27;[35m[HTTP]&amp;#27;[39m &amp;#27;[37m--&gt;&amp;#27;[39m &amp;#27;[37mGET&amp;#27;[39m &amp;#27;[37m/wd/hub/session/e148836a-4958-4ac0-846b-1727609d8f58/context&amp;#27;[39m
&amp;#27;[35m[HTTP]&amp;#27;[39m &amp;#27;[90m{}&amp;#27;[39m
[debug] &amp;#27;[35m[W3C (e148836a)]&amp;#27;[39m Calling AppiumDriver.getCurrentContext() with args: [&quot;e148836a-4958-4ac0-846b-1727609d8f58&quot;]
[debug] &amp;#27;[35m[W3C (e148836a)]&amp;#27;[39m Responding to client with driver.getCurrentContext() result: &quot;NATIVE_APP&quot;
&amp;#27;[35m[HTTP]&amp;#27;[39m &amp;#27;[37m&lt;-- GET /wd/hub/session/e148836a-4958-4ac0-846b-1727609d8f58/context &amp;#27;[39m&amp;#27;[32m200&amp;#27;[39m &amp;#27;[90m2 ms - 22&amp;#27;[39m
&amp;#27;[35m[HTTP]&amp;#27;[39m &amp;#27;[90m&amp;#27;[39m
&amp;#27;[35m[HTTP]&amp;#27;[39m &amp;#27;[37m--&gt;&amp;#27;[39m &amp;#27;[37mPOST&amp;#27;[39m &amp;#27;[37m/wd/hub/session/e148836a-4958-4ac0-846b-1727609d8f58/element&amp;#27;[39m
&amp;#27;[35m[HTTP]&amp;#27;[39m &amp;#27;[90m{&quot;using&quot;:&quot;-android uiautomator&quot;,&quot;value&quot;:&quot;text(\&quot;Login\&quot;)&quot;}&amp;#27;[39m
[debug] &amp;#27;[35m[W3C (e148836a)]&amp;#27;[39m Calling AppiumDriver.findElement() with args: [&quot;-android uiautomator&quot;,&quot;text(\&quot;Login\&quot;)&quot;,&quot;e148836a-4958-4ac0-846b-1727609d8f58&quot;]
[debug] &amp;#27;[35m[BaseDriver]&amp;#27;[39m Valid locator strategies for this request: xpath, id, class name, accessibility id, -android uiautomator
[debug] &amp;#27;[35m[BaseDriver]&amp;#27;[39m Waiting up to 30000 ms for condition
[debug] &amp;#27;[35m[WD Proxy]&amp;#27;[39m Matched &apos;/element&apos; to command name &apos;findElement&apos;
[debug] &amp;#27;[35m[WD Proxy]&amp;#27;[39m Proxying [POST /element] to [POST http://127.0.0.1:8201/wd/hub/session/1c9b7c1f-d7b0-439d-b7aa-725fe6b9a136/element] with body: {&quot;strategy&quot;:&quot;-android uiautomator&quot;,&quot;selector&quot;:&quot;text(\&quot;Login\&quot;)&quot;,&quot;context&quot;:&quot;&quot;,&quot;multiple&quot;:false}
[debug] &amp;#27;[35m[WD Proxy]&amp;#27;[39m Got response with status 200: {&quot;sessionId&quot;:&quot;1c9b7c1f-d7b0-439d-b7aa-725fe6b9a136&quot;,&quot;value&quot;:{&quot;ELEMENT&quot;:&quot;447b3a34-ed6c-4018-a5aa-f877298ccbcf&quot;,&quot;element-6066-11e4-a52e-4f735466cecf&quot;:&quot;447b3a34-ed6c-4018-a5aa-f877298ccbcf&quot;}}
[debug] &amp;#27;[35m[W3C (e148836a)]&amp;#27;[39m Responding to client with driver.findElement() result: {&quot;element-6066-11e4-a52e-4f735466cecf&quot;:&quot;447b3a34-ed6c-4018-a5aa-f877298ccbcf&quot;,&quot;ELEMENT&quot;:&quot;447b3a34-ed6c-4018-a5aa-f877298ccbcf&quot;}
&amp;#27;[35m[HTTP]&amp;#27;[39m &amp;#27;[37m&lt;-- POST /wd/hub/session/e148836a-4958-4ac0-846b-1727609d8f58/element &amp;#27;[39m&amp;#27;[32m200&amp;#27;[39m &amp;#27;[90m42 ms - 137&amp;#27;[39m
&amp;#27;[35m[HTTP]&amp;#27;[39m &amp;#27;[90m&amp;#27;[39m
&amp;#27;[35m[HTTP]&amp;#27;[39m &amp;#27;[37m--&gt;&amp;#27;[39m &amp;#27;[37mPOST&amp;#27;[39m &amp;#27;[37m/wd/hub/session/e148836a-4958-4ac0-846b-1727609d8f58/element/447b3a34-ed6c-4018-a5aa-f877298ccbcf/click&amp;#27;[39m
&amp;#27;[35m[HTTP]&amp;#27;[39m &amp;#27;[90m{&quot;id&quot;:&quot;447b3a34-ed6c-4018-a5aa-f877298ccbcf&quot;}&amp;#27;[39m
[debug] &amp;#27;[35m[W3C (e148836a)]&amp;#27;[39m Calling AppiumDriver.click() with args: [&quot;447b3a34-ed6c-4018-a5aa-f877298ccbcf&quot;,&quot;e148836a-4958-4ac0-846b-1727609d8f58&quot;]
[debug] &amp;#27;[35m[WD Proxy]&amp;#27;[39m Matched &apos;/element/447b3a34-ed6c-4018-a5aa-f877298ccbcf/click&apos; to command name &apos;click&apos;
[debug] &amp;#27;[35m[WD Proxy]&amp;#27;[39m Proxying [POST /element/447b3a34-ed6c-4018-a5aa-f877298ccbcf/click] to [POST http://127.0.0.1:8201/wd/hub/session/1c9b7c1f-d7b0-439d-b7aa-725fe6b9a136/element/447b3a34-ed6c-4018-a5aa-f877298ccbcf/click] with body: {&quot;element&quot;:&quot;447b3a34-ed6c-4018-a5aa-f877298ccbcf&quot;}
[debug] &amp;#27;[35m[WD Proxy]&amp;#27;[39m Got response with status 200: {&quot;sessionId&quot;:&quot;1c9b7c1f-d7b0-439d-b7aa-725fe6b9a136&quot;,&quot;value&quot;:null}
[debug] &amp;#27;[35m[W3C (e148836a)]&amp;#27;[39m Responding to client with driver.click() result: null
&amp;#27;[35m[HTTP]&amp;#27;[39m &amp;#27;[37m&lt;-- POST /wd/hub/session/e148836a-4958-4ac0-846b-1727609d8f58/element/447b3a34-ed6c-4018-a5aa-f877298ccbcf/click &amp;#27;[39m&amp;#27;[32m200&amp;#27;[39m &amp;#27;[90m3591 ms - 14&amp;#27;[39m
&amp;#27;[35m[HTTP]&amp;#27;[39m &amp;#27;[90m&amp;#27;[39m
&amp;#27;[35m[HTTP]&amp;#27;[39m &amp;#27;[37m--&gt;&amp;#27;[39m &amp;#27;[37mPOST&amp;#27;[39m &amp;#27;[37m/wd/hub/session/e148836a-4958-4ac0-846b-1727609d8f58/appium/start_recording_screen&amp;#27;[39m
&amp;#27;[35m[HTTP]&amp;#27;[39m &amp;#27;[90m{&quot;options&quot;:{&quot;timeLimit&quot;:300,&quot;videoSize&quot;:&quot;1280x720&quot;}}&amp;#27;[39m
[debug] &amp;#27;[35m[W3C (e148836a)]&amp;#27;[39m Calling AppiumDriver.startRecordingScreen() with args: [{&quot;timeLimit&quot;:300,&quot;videoSize&quot;:&quot;1280x720&quot;},&quot;e148836a-4958-4ac0-846b-1727609d8f58&quot;]
[debug] &amp;#27;[35m[ADB]&amp;#27;[39m Getting IDs of all &apos;screenrecord&apos; processes
[debug] &amp;#27;[35m[ADB]&amp;#27;[39m Running &apos;D:\TechSoftwares\AndroidSDK\platform-tools\adb.exe -P 5037 -s emulator-5554 shell pgrep -f screenrecord&apos;
&amp;#27;[35m[AndroidDriver]&amp;#27;[39m Screen recording has not been previously started by Appium. There is nothing to stop
[debug] &amp;#27;[35m[ADB]&amp;#27;[39m Getting IDs of all &apos;screenrecord&apos; processes
[debug] &amp;#27;[35m[ADB]&amp;#27;[39m Running &apos;D:\TechSoftwares\AndroidSDK\platform-tools\adb.exe -P 5037 -s emulator-5554 shell pgrep -f screenrecord&apos;
[debug] &amp;#27;[35m[ADB]&amp;#27;[39m Building screenrecord process with the command line: adb -P 5037 -s emulator-5554 shell screenrecord --size 1280x720 --time-limit 180 /sdcard/b3f7806d.mp4
[debug] &amp;#27;[35m[ADB]&amp;#27;[39m Running &apos;D:\TechSoftwares\AndroidSDK\platform-tools\adb.exe -P 5037 -s emulator-5554 shell &quot;[ -e &apos;/sdcard/b3f7806d.mp4&apos; ] &amp;&amp; echo __PASS__&quot;&apos;
[debug] &amp;#27;[35m[ADB]&amp;#27;[39m Running &apos;D:\TechSoftwares\AndroidSDK\platform-tools\adb.exe -P 5037 -s emulator-5554 shell &quot;[ -e &apos;/sdcard/b3f7806d.mp4&apos; ] &amp;&amp; echo __PASS__&quot;&apos;
[debug] &amp;#27;[35m[W3C (e148836a)]&amp;#27;[39m Responding to client with driver.startRecordingScreen() result: &quot;&quot;
&amp;#27;[35m[HTTP]&amp;#27;[39m &amp;#27;[37m&lt;-- POST /wd/hub/session/e148836a-4958-4ac0-846b-1727609d8f58/appium/start_recording_screen &amp;#27;[39m&amp;#27;[32m200&amp;#27;[39m &amp;#27;[90m545 ms - 12&amp;#27;[39m
&amp;#27;[35m[HTTP]&amp;#27;[39m &amp;#27;[90m&amp;#27;[39m
&amp;#27;[35m[HTTP]&amp;#27;[39m &amp;#27;[37m--&gt;&amp;#27;[39m &amp;#27;[37mGET&amp;#27;[39m &amp;#27;[37m/wd/hub/session/e148836a-4958-4ac0-846b-1727609d8f58/context&amp;#27;[39m
&amp;#27;[35m[HTTP]&amp;#27;[39m &amp;#27;[90m{}&amp;#27;[39m
[debug] &amp;#27;[35m[W3C (e148836a)]&amp;#27;[39m Calling AppiumDriver.getCurrentContext() with args: [&quot;e148836a-4958-4ac0-846b-1727609d8f58&quot;]
[debug] &amp;#27;[35m[W3C (e148836a)]&amp;#27;[39m Responding to client with driver.getCurrentContext() result: &quot;NATIVE_APP&quot;
&amp;#27;[35m[HTTP]&amp;#27;[39m &amp;#27;[37m&lt;-- GET /wd/hub/session/e148836a-4958-4ac0-846b-1727609d8f58/context &amp;#27;[39m&amp;#27;[32m200&amp;#27;[39m &amp;#27;[90m2 ms - 22&amp;#27;[39m
&amp;#27;[35m[HTTP]&amp;#27;[39m &amp;#27;[90m&amp;#27;[39m
&amp;#27;[35m[HTTP]&amp;#27;[39m &amp;#27;[37m--&gt;&amp;#27;[39m &amp;#27;[37mPOST&amp;#27;[39m &amp;#27;[37m/wd/hub/session/e148836a-4958-4ac0-846b-1727609d8f58/element&amp;#27;[39m
&amp;#27;[35m[HTTP]&amp;#27;[39m &amp;#27;[90m{&quot;using&quot;:&quot;-android uiautomator&quot;,&quot;value&quot;:&quot;text(\&quot;Continue\&quot;)&quot;}&amp;#27;[39m
[debug] &amp;#27;[35m[W3C (e148836a)]&amp;#27;[39m Calling AppiumDriver.findElement() with args: [&quot;-android uiautomator&quot;,&quot;text(\&quot;Continue\&quot;)&quot;,&quot;e148836a-4958-4ac0-846b-1727609d8f58&quot;]
[debug] &amp;#27;[35m[BaseDriver]&amp;#27;[39m Valid locator strategies for this request: xpath, id, class name, accessibility id, -android uiautomator
[debug] &amp;#27;[35m[BaseDriver]&amp;#27;[39m Waiting up to 30000 ms for condition
[debug] &amp;#27;[35m[WD Proxy]&amp;#27;[39m Matched &apos;/element&apos; to command name &apos;findElement&apos;
[debug] &amp;#27;[35m[WD Proxy]&amp;#27;[39m Proxying [POST /element] to [POST http://127.0.0.1:8201/wd/hub/session/1c9b7c1f-d7b0-439d-b7aa-725fe6b9a136/element] with body: {&quot;strategy&quot;:&quot;-android uiautomator&quot;,&quot;selector&quot;:&quot;text(\&quot;Continue\&quot;)&quot;,&quot;context&quot;:&quot;&quot;,&quot;multiple&quot;:false}
[debug] &amp;#27;[35m[WD Proxy]&amp;#27;[39m Got response with status 200: {&quot;sessionId&quot;:&quot;1c9b7c1f-d7b0-439d-b7aa-725fe6b9a136&quot;,&quot;value&quot;:{&quot;ELEMENT&quot;:&quot;abd98350-b2fd-4971-9acc-97800729b665&quot;,&quot;element-6066-11e4-a52e-4f735466cecf&quot;:&quot;abd98350-b2fd-4971-9acc-97800729b665&quot;}}
[debug] &amp;#27;[35m[W3C (e148836a)]&amp;#27;[39m Responding to client with driver.findElement() result: {&quot;element-6066-11e4-a52e-4f735466cecf&quot;:&quot;abd98350-b2fd-4971-9acc-97800729b665&quot;,&quot;ELEMENT&quot;:&quot;abd98350-b2fd-4971-9acc-97800729b665&quot;}
&amp;#27;[35m[HTTP]&amp;#27;[39m &amp;#27;[37m&lt;-- POST /wd/hub/session/e148836a-4958-4ac0-846b-1727609d8f58/element &amp;#27;[39m&amp;#27;[32m200&amp;#27;[39m &amp;#27;[90m26 ms - 137&amp;#27;[39m
&amp;#27;[35m[HTTP]&amp;#27;[39m &amp;#27;[90m&amp;#27;[39m
&amp;#27;[35m[HTTP]&amp;#27;[39m &amp;#27;[37m--&gt;&amp;#27;[39m &amp;#27;[37mPOST&amp;#27;[39m &amp;#27;[37m/wd/hub/session/e148836a-4958-4ac0-846b-1727609d8f58/element/abd98350-b2fd-4971-9acc-97800729b665/click&amp;#27;[39m
&amp;#27;[35m[HTTP]&amp;#27;[39m &amp;#27;[90m{&quot;id&quot;:&quot;abd98350-b2fd-4971-9acc-97800729b665&quot;}&amp;#27;[39m
[debug] &amp;#27;[35m[W3C (e148836a)]&amp;#27;[39m Calling AppiumDriver.click() with args: [&quot;abd98350-b2fd-4971-9acc-97800729b665&quot;,&quot;e148836a-4958-4ac0-846b-1727609d8f58&quot;]
[debug] &amp;#27;[35m[WD Proxy]&amp;#27;[39m Matched &apos;/element/abd98350-b2fd-4971-9acc-97800729b665/click&apos; to command name &apos;click&apos;
[debug] &amp;#27;[35m[WD Proxy]&amp;#27;[39m Proxying [POST /element/abd98350-b2fd-4971-9acc-97800729b665/click] to [POST http://127.0.0.1:8201/wd/hub/session/1c9b7c1f-d7b0-439d-b7aa-725fe6b9a136/element/abd98350-b2fd-4971-9acc-97800729b665/click] with body: {&quot;element&quot;:&quot;abd98350-b2fd-4971-9acc-97800729b665&quot;}
[debug] &amp;#27;[35m[WD Proxy]&amp;#27;[39m Got response with status 200: {&quot;sessionId&quot;:&quot;1c9b7c1f-d7b0-439d-b7aa-725fe6b9a136&quot;,&quot;value&quot;:null}
[debug] &amp;#27;[35m[W3C (e148836a)]&amp;#27;[39m Responding to client with driver.click() result: null
&amp;#27;[35m[HTTP]&amp;#27;[39m &amp;#27;[37m&lt;-- POST /wd/hub/session/e148836a-4958-4ac0-846b-1727609d8f58/element/abd98350-b2fd-4971-9acc-97800729b665/click &amp;#27;[39m&amp;#27;[32m200&amp;#27;[39m &amp;#27;[90m3198 ms - 14&amp;#27;[39m
&amp;#27;[35m[HTTP]&amp;#27;[39m &amp;#27;[90m&amp;#27;[39m
&amp;#27;[35m[HTTP]&amp;#27;[39m &amp;#27;[37m--&gt;&amp;#27;[39m &amp;#27;[37mGET&amp;#27;[39m &amp;#27;[37m/wd/hub/session/e148836a-4958-4ac0-846b-1727609d8f58/context&amp;#27;[39m
&amp;#27;[35m[HTTP]&amp;#27;[39m &amp;#27;[90m{}&amp;#27;[39m
[debug] &amp;#27;[35m[W3C (e148836a)]&amp;#27;[39m Calling AppiumDriver.getCurrentContext() with args: [&quot;e148836a-4958-4ac0-846b-1727609d8f58&quot;]
[debug] &amp;#27;[35m[W3C (e148836a)]&amp;#27;[39m Responding to client with driver.getCurrentContext() result: &quot;NATIVE_APP&quot;
&amp;#27;[35m[HTTP]&amp;#27;[39m &amp;#27;[37m&lt;-- GET /wd/hub/session/e148836a-4958-4ac0-846b-1727609d8f58/context &amp;#27;[39m&amp;#27;[32m200&amp;#27;[39m &amp;#27;[90m2 ms - 22&amp;#27;[39m
&amp;#27;[35m[HTTP]&amp;#27;[39m &amp;#27;[90m&amp;#27;[39m
&amp;#27;[35m[HTTP]&amp;#27;[39m &amp;#27;[37m--&gt;&amp;#27;[39m &amp;#27;[37mPOST&amp;#27;[39m &amp;#27;[37m/wd/hub/session/e148836a-4958-4ac0-846b-1727609d8f58/element&amp;#27;[39m
&amp;#27;[35m[HTTP]&amp;#27;[39m &amp;#27;[90m{&quot;using&quot;:&quot;-android uiautomator&quot;,&quot;value&quot;:&quot;text(\&quot;Raise Plan Work\&quot;)&quot;}&amp;#27;[39m
[debug] &amp;#27;[35m[W3C (e148836a)]&amp;#27;[39m Calling AppiumDriver.findElement() with args: [&quot;-android uiautomator&quot;,&quot;text(\&quot;Raise Plan Work\&quot;)&quot;,&quot;e148836a-4958-4ac0-846b-1727609d8f58&quot;]
[debug] &amp;#27;[35m[BaseDriver]&amp;#27;[39m Valid locator strategies for this request: xpath, id, class name, accessibility id, -android uiautomator
[debug] &amp;#27;[35m[BaseDriver]&amp;#27;[39m Waiting up to 30000 ms for condition
[debug] &amp;#27;[35m[WD Proxy]&amp;#27;[39m Matched &apos;/element&apos; to command name &apos;findElement&apos;
[debug] &amp;#27;[35m[WD Proxy]&amp;#27;[39m Proxying [POST /element] to [POST http://127.0.0.1:8201/wd/hub/session/1c9b7c1f-d7b0-439d-b7aa-725fe6b9a136/element] with body: {&quot;strategy&quot;:&quot;-android uiautomator&quot;,&quot;selector&quot;:&quot;text(\&quot;Raise Plan Work\&quot;)&quot;,&quot;context&quot;:&quot;&quot;,&quot;multiple&quot;:false}
[debug] &amp;#27;[35m[WD Proxy]&amp;#27;[39m Got response with status 200: {&quot;sessionId&quot;:&quot;1c9b7c1f-d7b0-439d-b7aa-725fe6b9a136&quot;,&quot;value&quot;:{&quot;ELEMENT&quot;:&quot;b5ab50d0-4421-4e16-87f6-411b83da3b4b&quot;,&quot;element-6066-11e4-a52e-4f735466cecf&quot;:&quot;b5ab50d0-4421-4e16-87f6-411b83da3b4b&quot;}}
[debug] &amp;#27;[35m[W3C (e148836a)]&amp;#27;[39m Responding to client with driver.findElement() result: {&quot;element-6066-11e4-a52e-4f735466cecf&quot;:&quot;b5ab50d0-4421-4e16-87f6-411b83da3b4b&quot;,&quot;ELEMENT&quot;:&quot;b5ab50d0-4421-4e16-87f6-411b83da3b4b&quot;}
&amp;#27;[35m[HTTP]&amp;#27;[39m &amp;#27;[37m&lt;-- POST /wd/hub/session/e148836a-4958-4ac0-846b-1727609d8f58/element &amp;#27;[39m&amp;#27;[32m200&amp;#27;[39m &amp;#27;[90m34 ms - 137&amp;#27;[39m
&amp;#27;[35m[HTTP]&amp;#27;[39m &amp;#27;[90m&amp;#27;[39m
&amp;#27;[35m[HTTP]&amp;#27;[39m &amp;#27;[37m--&gt;&amp;#27;[39m &amp;#27;[37mPOST&amp;#27;[39m &amp;#27;[37m/wd/hub/session/e148836a-4958-4ac0-846b-1727609d8f58/element/b5ab50d0-4421-4e16-87f6-411b83da3b4b/click&amp;#27;[39m
&amp;#27;[35m[HTTP]&amp;#27;[39m &amp;#27;[90m{&quot;id&quot;:&quot;b5ab50d0-4421-4e16-87f6-411b83da3b4b&quot;}&amp;#27;[39m
[debug] &amp;#27;[35m[W3C (e148836a)]&amp;#27;[39m Calling AppiumDriver.click() with args: [&quot;b5ab50d0-4421-4e16-87f6-411b83da3b4b&quot;,&quot;e148836a-4958-4ac0-846b-1727609d8f58&quot;]
[debug] &amp;#27;[35m[WD Proxy]&amp;#27;[39m Matched &apos;/element/b5ab50d0-4421-4e16-87f6-411b83da3b4b/click&apos; to command name &apos;click&apos;
[debug] &amp;#27;[35m[WD Proxy]&amp;#27;[39m Proxying [POST /element/b5ab50d0-4421-4e16-87f6-411b83da3b4b/click] to [POST http://127.0.0.1:8201/wd/hub/session/1c9b7c1f-d7b0-439d-b7aa-725fe6b9a136/element/b5ab50d0-4421-4e16-87f6-411b83da3b4b/click] with body: {&quot;element&quot;:&quot;b5ab50d0-4421-4e16-87f6-411b83da3b4b&quot;}
[debug] &amp;#27;[35m[WD Proxy]&amp;#27;[39m Got response with status 200: {&quot;sessionId&quot;:&quot;1c9b7c1f-d7b0-439d-b7aa-725fe6b9a136&quot;,&quot;value&quot;:null}
[debug] &amp;#27;[35m[W3C (e148836a)]&amp;#27;[39m Responding to client with driver.click() result: null
&amp;#27;[35m[HTTP]&amp;#27;[39m &amp;#27;[37m&lt;-- POST /wd/hub/session/e148836a-4958-4ac0-846b-1727609d8f58/element/b5ab50d0-4421-4e16-87f6-411b83da3b4b/click &amp;#27;[39m&amp;#27;[32m200&amp;#27;[39m &amp;#27;[90m2134 ms - 14&amp;#27;[39m
&amp;#27;[35m[HTTP]&amp;#27;[39m &amp;#27;[90m&amp;#27;[39m
&amp;#27;[35m[HTTP]&amp;#27;[39m &amp;#27;[37m--&gt;&amp;#27;[39m &amp;#27;[37mGET&amp;#27;[39m &amp;#27;[37m/wd/hub/session/e148836a-4958-4ac0-846b-1727609d8f58/context&amp;#27;[39m
&amp;#27;[35m[HTTP]&amp;#27;[39m &amp;#27;[90m{}&amp;#27;[39m
[debug] &amp;#27;[35m[W3C (e148836a)]&amp;#27;[39m Calling AppiumDriver.getCurrentContext() with args: [&quot;e148836a-4958-4ac0-846b-1727609d8f58&quot;]
[debug] &amp;#27;[35m[W3C (e148836a)]&amp;#27;[39m Responding to client with driver.getCurrentContext() result: &quot;NATIVE_APP&quot;
&amp;#27;[35m[HTTP]&amp;#27;[39m &amp;#27;[37m&lt;-- GET /wd/hub/session/e148836a-4958-4ac0-846b-1727609d8f58/context &amp;#27;[39m&amp;#27;[32m200&amp;#27;[39m &amp;#27;[90m2 ms - 22&amp;#27;[39m
&amp;#27;[35m[HTTP]&amp;#27;[39m &amp;#27;[90m&amp;#27;[39m
&amp;#27;[35m[HTTP]&amp;#27;[39m &amp;#27;[37m--&gt;&amp;#27;[39m &amp;#27;[37mPOST&amp;#27;[39m &amp;#27;[37m/wd/hub/session/e148836a-4958-4ac0-846b-1727609d8f58/element&amp;#27;[39m
&amp;#27;[35m[HTTP]&amp;#27;[39m &amp;#27;[90m{&quot;using&quot;:&quot;id&quot;,&quot;value&quot;:&quot;com.colt.coltengineering:id/spin_template&quot;}&amp;#27;[39m
[debug] &amp;#27;[35m[W3C (e148836a)]&amp;#27;[39m Calling AppiumDriver.findElement() with args: [&quot;id&quot;,&quot;com.colt.coltengineering:id/spin_template&quot;,&quot;e148836a-4958-4ac0-846b-1727609d8f58&quot;]
[debug] &amp;#27;[35m[BaseDriver]&amp;#27;[39m Valid locator strategies for this request: xpath, id, class name, accessibility id, -android uiautomator
[debug] &amp;#27;[35m[BaseDriver]&amp;#27;[39m Waiting up to 30000 ms for condition
[debug] &amp;#27;[35m[WD Proxy]&amp;#27;[39m Matched &apos;/element&apos; to command name &apos;findElement&apos;
[debug] &amp;#27;[35m[WD Proxy]&amp;#27;[39m Proxying [POST /element] to [POST http://127.0.0.1:8201/wd/hub/session/1c9b7c1f-d7b0-439d-b7aa-725fe6b9a136/element] with body: {&quot;strategy&quot;:&quot;id&quot;,&quot;selector&quot;:&quot;com.colt.coltengineering:id/spin_template&quot;,&quot;context&quot;:&quot;&quot;,&quot;multiple&quot;:false}
[debug] &amp;#27;[35m[WD Proxy]&amp;#27;[39m Got response with status 200: {&quot;sessionId&quot;:&quot;1c9b7c1f-d7b0-439d-b7aa-725fe6b9a136&quot;,&quot;value&quot;:{&quot;ELEMENT&quot;:&quot;ac0f2d18-bfee-4b9d-b9e6-ffd9d7e470a8&quot;,&quot;element-6066-11e4-a52e-4f735466cecf&quot;:&quot;ac0f2d18-bfee-4b9d-b9e6-ffd9d7e470a8&quot;}}
[debug] &amp;#27;[35m[W3C (e148836a)]&amp;#27;[39m Responding to client with driver.findElement() result: {&quot;element-6066-11e4-a52e-4f735466cecf&quot;:&quot;ac0f2d18-bfee-4b9d-b9e6-ffd9d7e470a8&quot;,&quot;ELEMENT&quot;:&quot;ac0f2d18-bfee-4b9d-b9e6-ffd9d7e470a8&quot;}
&amp;#27;[35m[HTTP]&amp;#27;[39m &amp;#27;[37m&lt;-- POST /wd/hub/session/e148836a-4958-4ac0-846b-1727609d8f58/element &amp;#27;[39m&amp;#27;[32m200&amp;#27;[39m &amp;#27;[90m55 ms - 137&amp;#27;[39m
&amp;#27;[35m[HTTP]&amp;#27;[39m &amp;#27;[90m&amp;#27;[39m
&amp;#27;[35m[HTTP]&amp;#27;[39m &amp;#27;[37m--&gt;&amp;#27;[39m &amp;#27;[37mPOST&amp;#27;[39m &amp;#27;[37m/wd/hub/session/e148836a-4958-4ac0-846b-1727609d8f58/element/ac0f2d18-bfee-4b9d-b9e6-ffd9d7e470a8/click&amp;#27;[39m
&amp;#27;[35m[HTTP]&amp;#27;[39m &amp;#27;[90m{&quot;id&quot;:&quot;ac0f2d18-bfee-4b9d-b9e6-ffd9d7e470a8&quot;}&amp;#27;[39m
[debug] &amp;#27;[35m[W3C (e148836a)]&amp;#27;[39m Calling AppiumDriver.click() with args: [&quot;ac0f2d18-bfee-4b9d-b9e6-ffd9d7e470a8&quot;,&quot;e148836a-4958-4ac0-846b-1727609d8f58&quot;]
[debug] &amp;#27;[35m[WD Proxy]&amp;#27;[39m Matched &apos;/element/ac0f2d18-bfee-4b9d-b9e6-ffd9d7e470a8/click&apos; to command name &apos;click&apos;
[debug] &amp;#27;[35m[WD Proxy]&amp;#27;[39m Proxying [POST /element/ac0f2d18-bfee-4b9d-b9e6-ffd9d7e470a8/click] to [POST http://127.0.0.1:8201/wd/hub/session/1c9b7c1f-d7b0-439d-b7aa-725fe6b9a136/element/ac0f2d18-bfee-4b9d-b9e6-ffd9d7e470a8/click] with body: {&quot;element&quot;:&quot;ac0f2d18-bfee-4b9d-b9e6-ffd9d7e470a8&quot;}
[debug] &amp;#27;[35m[WD Proxy]&amp;#27;[39m Got response with status 200: {&quot;sessionId&quot;:&quot;1c9b7c1f-d7b0-439d-b7aa-725fe6b9a136&quot;,&quot;value&quot;:null}
[debug] &amp;#27;[35m[W3C (e148836a)]&amp;#27;[39m Responding to client with driver.click() result: null
&amp;#27;[35m[HTTP]&amp;#27;[39m &amp;#27;[37m&lt;-- POST /wd/hub/session/e148836a-4958-4 search Web element   new UiScrollable(new UiSelector()).scrollIntoView(text(&quot;Standard SD&quot;));
ac0-846b-1727609d8f58/element/ac0f2d18-bfee-4b9d-b9e6-ffd9d7e470a8/click &amp;#27;[39m&amp;#27;[32m200&amp;#27;[39m &amp;#27;[90m30 ms - 14&amp;#27;[39m
&amp;#27;[35m[HTTP]&amp;#27;[39m &amp;#27;[90m&amp;#27;[39m
&amp;#27;[35m[HTTP]&amp;#27;[39m &amp;#27;[37m--&gt;&amp;#27;[39m &amp;#27;[37mPOST&amp;#27;[39m &amp;#27;[37m/wd/hub/session/e148836a-4958-4ac0-846b-1727609d8f58/element&amp;#27;[39m
&amp;#27;[35m[HTTP]&amp;#27;[39m &amp;#27;[90m{&quot;using&quot;:&quot;-android uiautomator&quot;,&quot;value&quot;:&quot;new UiScrollable(new UiSelector()).scrollIntoView(text(\&quot;Standard SD\&quot;));&quot;}&amp;#27;[39m
[debug] &amp;#27;[35m[W3C (e148836a)]&amp;#27;[39m Calling AppiumDriver.findElement() with args: [&quot;-android uiautomator&quot;,&quot;new UiScrollable(new UiSelector()).scrollIntoView(text(\&quot;Standard SD\&quot;));&quot;,&quot;e148836a-4958-4ac0-846b-1727609d8f58&quot;]
[debug] &amp;#27;[35m[BaseDriver]&amp;#27;[39m Valid locator strategies for this request: xpath, id, class name, accessibility id, -android uiautomator
[debug] &amp;#27;[35m[BaseDriver]&amp;#27;[39m Waiting up to 30000 ms for condition
[debug] &amp;#27;[35m[WD Proxy]&amp;#27;[39m Matched &apos;/element&apos; to command name &apos;findElement&apos;
[debug] &amp;#27;[35m[WD Proxy]&amp;#27;[39m Proxying [POST /element] to [POST http://127.0.0.1:8201/wd/hub/session/1c9b7c1f-d7b0-439d-b7aa-725fe6b9a136/element] with body: {&quot;strategy&quot;:&quot;-android uiautomator&quot;,&quot;selector&quot;:&quot;new UiScrollable(new UiSelector()).scrollIntoView(text(\&quot;Standard SD\&quot;));&quot;,&quot;context&quot;:&quot;&quot;,&quot;multiple&quot;:false}
[debug] &amp;#27;[35m[WD Proxy]&amp;#27;[39m Got response with status 200: {&quot;sessionId&quot;:&quot;1c9b7c1f-d7b0-439d-b7aa-725fe6b9a136&quot;,&quot;value&quot;:{&quot;ELEMENT&quot;:&quot;cc630624-a4de-48e1-820c-fcc2fe3d480a&quot;,&quot;element-6066-11e4-a52e-4f735466cecf&quot;:&quot;cc630624-a4de-48e1-820c-fcc2fe3d480a&quot;}}
[debug] &amp;#27;[35m[W3C (e148836a)]&amp;#27;[39m Responding to client with driver.findElement() result: {&quot;element-6066-11e4-a52e-4f735466cecf&quot;:&quot;cc630624-a4de-48e1-820c-fcc2fe3d480a&quot;,&quot;ELEMENT&quot;:&quot;cc630624-a4de-48e1-820c-fcc2fe3d480a&quot;}
&amp;#27;[35m[HTTP]&amp;#27;[39m &amp;#27;[37m&lt;-- POST /wd/hub/session/e148836a-4958-4ac0-846b-1727609d8f58/element &amp;#27;[39m&amp;#27;[32m200&amp;#27;[39m &amp;#27;[90m1075 ms - 137&amp;#27;[39m
&amp;#27;[35m[HTTP]&amp;#27;[39m &amp;#27;[90m&amp;#27;[39m
&amp;#27;[35m[HTTP]&amp;#27;[39m &amp;#27;[37m--&gt;&amp;#27;[39m &amp;#27;[37mPOST&amp;#27;[39m &amp;#27;[37m/wd/hub/session/e148836a-4958-4ac0-846b-1727609d8f58/touch/perform&amp;#27;[39m
&amp;#27;[35m[HTTP]&amp;#27;[39m &amp;#27;[90m{&quot;actions&quot;:[{&quot;action&quot;:&quot;tap&quot;,&quot;options&quot;:{&quot;element&quot;:&quot;cc630624-a4de-48e1-820c-fcc2fe3d480a&quot;}}]}&amp;#27;[39m
[debug] &amp;#27;[35m[W3C (e148836a)]&amp;#27;[39m Calling AppiumDriver.performTouch() with args: [[{&quot;action&quot;:&quot;tap&quot;,&quot;options&quot;:{&quot;element&quot;:&quot;cc630624-a4de-48e1-820c-fcc2fe3d480a&quot;}}],&quot;e148836a-4958-4ac0-846b-1727609d8f58&quot;]
&amp;#27;[35m[UiAutomator2]&amp;#27;[39m calling get location: cc630624-a4de-48e1-820c-fcc2fe3d480a
[debug] &amp;#27;[35m[WD Proxy]&amp;#27;[39m Matched &apos;/element/cc630624-a4de-48e1-820c-fcc2fe3d480a/location&apos; to command name &apos;getLocation&apos;
[debug] &amp;#27;[35m[WD Proxy]&amp;#27;[39m Proxying [GET /element/cc630624-a4de-48e1-820c-fcc2fe3d480a/location] to [GET http://127.0.0.1:8201/wd/hub/session/1c9b7c1f-d7b0-439d-b7aa-725fe6b9a136/element/cc630624-a4de-48e1-820c-fcc2fe3d480a/location] with no body
[debug] &amp;#27;[35m[WD Proxy]&amp;#27;[39m Got response with status 200: {&quot;sessionId&quot;:&quot;1c9b7c1f-d7b0-439d-b7aa-725fe6b9a136&quot;,&quot;value&quot;:{&quot;x&quot;:21,&quot;y&quot;:635}}
[debug] &amp;#27;[35m[WD Proxy]&amp;#27;[39m Matched &apos;/element/cc630624-a4de-48e1-820c-fcc2fe3d480a/size&apos; to command name &apos;getSize&apos;
[debug] &amp;#27;[35m[WD Proxy]&amp;#27;[39m Proxying [GET /element/cc630624-a4de-48e1-820c-fcc2fe3d480a/size] to [GET http://127.0.0.1:8201/wd/hub/session/1c9b7c1f-d7b0-439d-b7aa-725fe6b9a136/element/cc630624-a4de-48e1-820c-fcc2fe3d480a/size] with no body
[debug] &amp;#27;[35m[WD Proxy]&amp;#27;[39m Got response with status 200: {&quot;sessionId&quot;:&quot;1c9b7c1f-d7b0-439d-b7aa-725fe6b9a136&quot;,&quot;value&quot;:{&quot;height&quot;:42,&quot;width&quot;:828}}
[debug] &amp;#27;[35m[WD Proxy]&amp;#27;[39m Proxying [POST /appium/tap] to [POST http://127.0.0.1:8201/wd/hub/session/1c9b7c1f-d7b0-439d-b7aa-725fe6b9a136/appium/tap] with body: {&quot;x&quot;:435,&quot;y&quot;:656,&quot;undefined&quot;:null}
[debug] &amp;#27;[35m[WD Proxy]&amp;#27;[39m Got response with status 200: {&quot;sessionId&quot;:&quot;1c9b7c1f-d7b0-439d-b7aa-725fe6b9a136&quot;,&quot;value&quot;:null}
[debug] &amp;#27;[35m[W3C (e148836a)]&amp;#27;[39m Responding to client with driver.performTouch() result: null
[...]
[debug] &amp;#27;[35m[W3C]&amp;#27;[39m Matched W3C error code &apos;no such element&apos; to NoSuchElementError
[debug] &amp;#27;[35m[BaseDriver]&amp;#27;[39m Waited for 25143 ms so far
[debug] &amp;#27;[35m[WD Proxy]&amp;#27;[39m Matched &apos;/element&apos; to command name &apos;findElement&apos;
[debug] &amp;#27;[35m[WD Proxy]&amp;#27;[39m Proxying [POST /element] to [POST http://127.0.0.1:8202/wd/hub/session/a5aa72af-1440-4c93-bd43-b303704bf298/element] with body: {&quot;strategy&quot;:&quot;-android uiautomator&quot;,&quot;selector&quot;:&quot;text(\&quot;Tasks\&quot;)&quot;,&quot;context&quot;:&quot;&quot;,&quot;multiple&quot;:false}
&amp;#27;[35m[WD Proxy]&amp;#27;[39m Got response with status 404: {&quot;sessionId&quot;:&quot;a5aa72af-1440-4c93-bd43-b303704bf298&quot;,&quot;value&quot;:{&quot;error&quot;:&quot;no such element&quot;,&quot;message&quot;:&quot;An element could not be located on the page using the given search parameters&quot;,&quot;stacktrace&quot;:&quot;io.appium.uiautomator2.common.exceptions.ElementNotFoundException: An element could not be located on the page using the given search parameters\n\tat io.appium.uiautomator2.handler.FindElement.safeHandle(FindElement.java:73)\n\tat io.appium.uiautomator2.handler.request.SafeRequestHandler.handle(SafeRequestHandler.java:41)\n\tat io.appium.uiautomator2.server.AppiumServlet.handleRequest(AppiumServlet.java:253)\n\tat io.appium.uiautomator2.server.AppiumServlet.handleHttpRequest(AppiumServlet.java:247)\n\tat io.appium.uiautomator2.http.ServerHandler.channelRead(ServerHandler.java:68)\n\tat io.netty.channel.AbstractChannelHandlerContext.invokeChannelRead(AbstractChannelHandlerContext.java:366)\n\tat io.netty.channel.AbstractChannelHandlerContext.invokeChannelRead(AbstractChannelHandlerContext.java:352)\n\tat io.netty.chann...
[debug] &amp;#27;[35m[W3C]&amp;#27;[39m Matched W3C error code &apos;no such element&apos; to NoSuchElementError
[debug] &amp;#27;[35m[BaseDriver]&amp;#27;[39m Waited for 25684 ms so far
[debug] &amp;#27;[35m[WD Proxy]&amp;#27;[39m Matched &apos;/element&apos; to command name &apos;findElement&apos;
[debug] &amp;#27;[35m[WD Proxy]&amp;#27;[39m Proxying [POST /element] to [POST http://127.0.0.1:8202/wd/hub/session/a5aa72af-1440-4c93-bd43-b303704bf298/element] with body: {&quot;strategy&quot;:&quot;-android uiautomator&quot;,&quot;selector&quot;:&quot;text(\&quot;Tasks\&quot;)&quot;,&quot;context&quot;:&quot;&quot;,&quot;multiple&quot;:false}
&amp;#27;[35m[WD Proxy]&amp;#27;[39m Got response with status 404: {&quot;sessionId&quot;:&quot;a5aa72af-1440-4c93-bd43-b303704bf298&quot;,&quot;value&quot;:{&quot;error&quot;:&quot;no such element&quot;,&quot;message&quot;:&quot;An element could not be located on the page using the given search parameters&quot;,&quot;stacktrace&quot;:&quot;io.appium.uiautomator2.common.exceptions.ElementNotFoundException: An element could not be located on the page using the given search parameters\n\tat io.appium.uiautomator2.handler.FindElement.safeHandle(FindElement.java:73)\n\tat io.appium.uiautomator2.handler.request.SafeRequestHandler.handle(SafeRequestHandler.java:41)\n\tat io.appium.uiautomator2.server.AppiumServlet.handleRequest(AppiumServlet.java:253)\n\tat io.appium.uiautomator2.server.AppiumServlet.handleHttpRequest(AppiumServlet.java:247)\n\tat io.appium.uiautomator2.http.ServerHandler.channelRead(ServerHandler.java:68)\n\tat io.netty.channel.AbstractChannelHandlerContext.invokeChannelRead(AbstractChannelHandlerContext.java:366)\n\tat io.netty.channel.AbstractChannelHandlerContext.invokeChannelRead(AbstractChannelHandlerContext.java:352)\n\tat io.netty.chann...
[debug] &amp;#27;[35m[W3C]&amp;#27;[39m Matched W3C error code &apos;no such element&apos; to NoSuchElementError
[debug] &amp;#27;[35m[BaseDriver]&amp;#27;[39m Waited for 26206 ms so far
[debug] &amp;#27;[35m[WD Proxy]&amp;#27;[39m Matched &apos;/element&apos; to command name &apos;findElement&apos;
[debug] &amp;#27;[35m[WD Proxy]&amp;#27;[39m Proxying [POST /element] to [POST http://127.0.0.1:8202/wd/hub/session/a5aa72af-1440-4c93-bd43-b303704bf298/element] with body: {&quot;strategy&quot;:&quot;-android uiautomator&quot;,&quot;selector&quot;:&quot;text(\&quot;Tasks\&quot;)&quot;,&quot;context&quot;:&quot;&quot;,&quot;multiple&quot;:false}
&amp;#27;[35m[WD Proxy]&amp;#27;[39m Got response with status 404: {&quot;sessionId&quot;:&quot;a5aa72af-1440-4c93-bd43-b303704bf298&quot;,&quot;value&quot;:{&quot;error&quot;:&quot;no such element&quot;,&quot;message&quot;:&quot;An element could not be located on the page using the given search parameters&quot;,&quot;stacktrace&quot;:&quot;io.appium.uiautomator2.common.exceptions.ElementNotFoundException: An element could not be located on the page using the given search parameters\n\tat io.appium.uiautomator2.handler.FindElement.safeHandle(FindElement.java:73)\n\tat io.appium.uiautomator2.handler.request.SafeRequestHandler.handle(SafeRequestHandler.java:41)\n\tat io.appium.uiautomator2.server.AppiumServlet.handleRequest(AppiumServlet.java:253)\n\tat io.appium.uiautomator2.server.AppiumServlet.handleHttpRequest(AppiumServlet.java:247)\n\tat io.appium.uiautomator2.http.ServerHandler.channelRead(ServerHandler.java:68)\n\tat io.netty.channel.AbstractChannelHandlerContext.invokeChannelRead(AbstractChannelHandlerContext.java:366)\n\tat io.netty.channel.AbstractChannelHandlerContext.invokeChannelRead(AbstractChannelHandlerContext.java:352)\n\tat io.netty.chann...
[debug] &amp;#27;[35m[W3C]&amp;#27;[39m Matched W3C error code &apos;no such element&apos; to NoSuchElementError
[debug] &amp;#27;[35m[BaseDriver]&amp;#27;[39m Waited for 26739 ms so far
[debug] &amp;#27;[35m[WD Proxy]&amp;#27;[39m Matched &apos;/element&apos; to command name &apos;findElement&apos;
[debug] &amp;#27;[35m[WD Proxy]&amp;#27;[39m Proxying [POST /element] to [POST http://127.0.0.1:8202/wd/hub/session/a5aa72af-1440-4c93-bd43-b303704bf298/element] with body: {&quot;strategy&quot;:&quot;-android uiautomator&quot;,&quot;selector&quot;:&quot;text(\&quot;Tasks\&quot;)&quot;,&quot;context&quot;:&quot;&quot;,&quot;multiple&quot;:false}
&amp;#27;[35m[WD Proxy]&amp;#27;[39m Got response with status 404: {&quot;sessionId&quot;:&quot;a5aa72af-1440-4c93-bd43-b303704bf298&quot;,&quot;value&quot;:{&quot;error&quot;:&quot;no such element&quot;,&quot;message&quot;:&quot;An element could not be located on the page using the given search parameters&quot;,&quot;stacktrace&quot;:&quot;io.appium.uiautomator2.common.exceptions.ElementNotFoundException: An element could not be located on the page using the given search parameters\n\tat io.appium.uiautomator2.handler.FindElement.safeHandle(FindElement.java:73)\n\tat io.appium.uiautomator2.handler.request.SafeRequestHandler.handle(SafeRequestHandler.java:41)\n\tat io.appium.uiautomator2.server.AppiumServlet.handleRequest(AppiumServlet.java:253)\n\tat io.appium.uiautomator2.server.AppiumServlet.handleHttpRequest(AppiumServlet.java:247)\n\tat io.appium.uiautomator2.http.ServerHandler.channelRead(ServerHandler.java:68)\n\tat io.netty.channel.AbstractChannelHandlerContext.invokeChannelRead(AbstractChannelHandlerContext.java:366)\n\tat io.netty.channel.AbstractChannelHandlerContext.invokeChannelRead(AbstractChannelHandlerContext.java:352)\n\tat io.netty.chann...
[debug] &amp;#27;[35m[W3C]&amp;#27;[39m Matched W3C error code &apos;no such element&apos; to NoSuchElementError
[debug] &amp;#27;[35m[BaseDriver]&amp;#27;[39m Waited for 27278 ms so far
[debug] &amp;#27;[35m[WD Proxy]&amp;#27;[39m Matched &apos;/element&apos; to command name &apos;findElement&apos;
[debug] &amp;#27;[35m[WD Proxy]&amp;#27;[39m Proxying [POST /element] to [POST http://127.0.0.1:8202/wd/hub/session/a5aa72af-1440-4c93-bd43-b303704bf298/element] with body: {&quot;strategy&quot;:&quot;-android uiautomator&quot;,&quot;selector&quot;:&quot;text(\&quot;Tasks\&quot;)&quot;,&quot;context&quot;:&quot;&quot;,&quot;multiple&quot;:false}
&amp;#27;[35m[WD Proxy]&amp;#27;[39m Got response with status 404: {&quot;sessionId&quot;:&quot;a5aa72af-1440-4c93-bd43-b303704bf298&quot;,&quot;value&quot;:{&quot;error&quot;:&quot;no such element&quot;,&quot;message&quot;:&quot;An element could not be located on the page using the given search parameters&quot;,&quot;stacktrace&quot;:&quot;io.appium.uiautomator2.common.exceptions.ElementNotFoundException: An element could not be located on the page using the given search parameters\n\tat io.appium.uiautomator2.handler.FindElement.safeHandle(FindElement.java:73)\n\tat io.appium.uiautomator2.handler.request.SafeRequestHandler.handle(SafeRequestHandler.java:41)\n\tat io.appium.uiautomator2.server.AppiumServlet.handleRequest(AppiumServlet.java:253)\n\tat io.appium.uiautomator2.server.AppiumServlet.handleHttpRequest(AppiumServlet.java:247)\n\tat io.appium.uiautomator2.http.ServerHandler.channelRead(ServerHandler.java:68)\n\tat io.netty.channel.AbstractChannelHandlerContext.invokeChannelRead(AbstractChannelHandlerContext.java:366)\n\tat io.netty.channel.AbstractChannelHandlerContext.invokeChannelRead(AbstractChannelHandlerContext.java:352)\n\tat io.netty.chann...
[debug] &amp;#27;[35m[W3C]&amp;#27;[39m Matched W3C error code &apos;no such element&apos; to NoSuchElementError
[debug] &amp;#27;[35m[BaseDriver]&amp;#27;[39m Waited for 27802 ms so far
[debug] &amp;#27;[35m[WD Proxy]&amp;#27;[39m Matched &apos;/element&apos; to command name &apos;findElement&apos;
[debug] &amp;#27;[35m[WD Proxy]&amp;#27;[39m Proxying [POST /element] to [POST http://127.0.0.1:8202/wd/hub/session/a5aa72af-1440-4c93-bd43-b303704bf298/element] with body: {&quot;strategy&quot;:&quot;-android uiautomator&quot;,&quot;selector&quot;:&quot;text(\&quot;Tasks\&quot;)&quot;,&quot;context&quot;:&quot;&quot;,&quot;multiple&quot;:false}
&amp;#27;[35m[WD Proxy]&amp;#27;[39m Got response with status 404: {&quot;sessionId&quot;:&quot;a5aa72af-1440-4c93-bd43-b303704bf298&quot;,&quot;value&quot;:{&quot;error&quot;:&quot;no such element&quot;,&quot;message&quot;:&quot;An element could not be located on the page using the given search parameters&quot;,&quot;stacktrace&quot;:&quot;io.appium.uiautomator2.common.exceptions.ElementNotFoundException: An element could not be located on the page using the given search parameters\n\tat io.appium.uiautomator2.handler.FindElement.safeHandle(FindElement.java:73)\n\tat io.appium.uiautomator2.handler.request.SafeRequestHandler.handle(SafeRequestHandler.java:41)\n\tat io.appium.uiautomator2.server.AppiumServlet.handleRequest(AppiumServlet.java:253)\n\tat io.appium.uiautomator2.server.AppiumServlet.handleHttpRequest(AppiumServlet.java:247)\n\tat io.appium.uiautomator2.http.ServerHandler.channelRead(ServerHandler.java:68)\n\tat io.netty.channel.AbstractChannelHandlerContext.invokeChannelRead(AbstractChannelHandlerContext.java:366)\n\tat io.netty.channel.AbstractChannelHandlerContext.invokeChannelRead(AbstractChannelHandlerContext.java:352)\n\tat io.netty.chann...
[debug] &amp;#27;[35m[W3C]&amp;#27;[39m Matched W3C error code &apos;no such element&apos; to NoSuchElementError
[debug] &amp;#27;[35m[BaseDriver]&amp;#27;[39m Waited for 28331 ms so far
[debug] &amp;#27;[35m[WD Proxy]&amp;#27;[39m Matched &apos;/element&apos; to command name &apos;findElement&apos;
[debug] &amp;#27;[35m[WD Proxy]&amp;#27;[39m Proxying [POST /element] to [POST http://127.0.0.1:8202/wd/hub/session/a5aa72af-1440-4c93-bd43-b303704bf298/element] with body: {&quot;strategy&quot;:&quot;-android uiautomator&quot;,&quot;selector&quot;:&quot;text(\&quot;Tasks\&quot;)&quot;,&quot;context&quot;:&quot;&quot;,&quot;multiple&quot;:false}
&amp;#27;[35m[WD Proxy]&amp;#27;[39m Got response with status 404: {&quot;sessionId&quot;:&quot;a5aa72af-1440-4c93-bd43-b303704bf298&quot;,&quot;value&quot;:{&quot;error&quot;:&quot;no such element&quot;,&quot;message&quot;:&quot;An element could not be located on the page using the given search parameters&quot;,&quot;stacktrace&quot;:&quot;io.appium.uiautomator2.common.exceptions.ElementNotFoundException: An element could not be located on the page using the given search parameters\n\tat io.appium.uiautomator2.handler.FindElement.safeHandle(FindElement.java:73)\n\tat io.appium.uiautomator2.handler.request.SafeRequestHandler.handle(SafeRequestHandler.java:41)\n\tat io.appium.uiautomator2.server.AppiumServlet.handleRequest(AppiumServlet.java:253)\n\tat io.appium.uiautomator2.server.AppiumServlet.handleHttpRequest(AppiumServlet.java:247)\n\tat io.appium.uiautomator2.http.ServerHandler.channelRead(ServerHandler.java:68)\n\tat io.netty.channel.AbstractChannelHandlerContext.invokeChannelRead(AbstractChannelHandlerContext.java:366)\n\tat io.netty.channel.AbstractChannelHandlerContext.invokeChannelRead(AbstractChannelHandlerContext.java:352)\n\tat io.netty.chann...
[debug] &amp;#27;[35m[W3C]&amp;#27;[39m Matched W3C error code &apos;no such element&apos; to NoSuchElementError
[debug] &amp;#27;[35m[BaseDriver]&amp;#27;[39m Waited for 28860 ms so far
[debug] &amp;#27;[35m[WD Proxy]&amp;#27;[39m Matched &apos;/element&apos; to command name &apos;findElement&apos;
[debug] &amp;#27;[35m[WD Proxy]&amp;#27;[39m Proxying [POST /element] to [POST http://127.0.0.1:8202/wd/hub/session/a5aa72af-1440-4c93-bd43-b303704bf298/element] with body: {&quot;strategy&quot;:&quot;-android uiautomator&quot;,&quot;selector&quot;:&quot;text(\&quot;Tasks\&quot;)&quot;,&quot;context&quot;:&quot;&quot;,&quot;multiple&quot;:false}
&amp;#27;[35m[WD Proxy]&amp;#27;[39m Got response with status 404: {&quot;sessionId&quot;:&quot;a5aa72af-1440-4c93-bd43-b303704bf298&quot;,&quot;value&quot;:{&quot;error&quot;:&quot;no such element&quot;,&quot;message&quot;:&quot;An element could not be located on the page using the given search parameters&quot;,&quot;stacktrace&quot;:&quot;io.appium.uiautomator2.common.exceptions.ElementNotFoundException: An element could not be located on the page using the given search parameters\n\tat io.appium.uiautomator2.handler.FindElement.safeHandle(FindElement.java:73)\n\tat io.appium.uiautomator2.handler.request.SafeRequestHandler.handle(SafeRequestHandler.java:41)\n\tat io.appium.uiautomator2.server.AppiumServlet.handleRequest(AppiumServlet.java:253)\n\tat io.appium.uiautomator2.server.AppiumServlet.handleHttpRequest(AppiumServlet.java:247)\n\tat io.appium.uiautomator2.http.ServerHandler.channelRead(ServerHandler.java:68)\n\tat io.netty.channel.AbstractChannelHandlerContext.invokeChannelRead(AbstractChannelHandlerContext.java:366)\n\tat io.netty.channel.AbstractChannelHandlerContext.invokeChannelRead(AbstractChannelHandlerContext.java:352)\n\tat io.netty.chann...
[debug] &amp;#27;[35m[W3C]&amp;#27;[39m Matched W3C error code &apos;no such element&apos; to NoSuchElementError
[debug] &amp;#27;[35m[BaseDriver]&amp;#27;[39m Waited for 29389 ms so far
[debug] &amp;#27;[35m[WD Proxy]&amp;#27;[39m Matched &apos;/element&apos; to command name &apos;findElement&apos;
[debug] &amp;#27;[35m[WD Proxy]&amp;#27;[39m Proxying [POST /element] to [POST http://127.0.0.1:8202/wd/hub/session/a5aa72af-1440-4c93-bd43-b303704bf298/element] with body: {&quot;strategy&quot;:&quot;-android uiautomator&quot;,&quot;selector&quot;:&quot;text(\&quot;Tasks\&quot;)&quot;,&quot;context&quot;:&quot;&quot;,&quot;multiple&quot;:false}
&amp;#27;[35m[WD Proxy]&amp;#27;[39m Got response with status 404: {&quot;sessionId&quot;:&quot;a5aa72af-1440-4c93-bd43-b303704bf298&quot;,&quot;value&quot;:{&quot;error&quot;:&quot;no such element&quot;,&quot;message&quot;:&quot;An element could not be located on the page using the given search parameters&quot;,&quot;stacktrace&quot;:&quot;io.appium.uiautomator2.common.exceptions.ElementNotFoundException: An element could not be located on the page using the given search parameters\n\tat io.appium.uiautomator2.handler.FindElement.safeHandle(FindElement.java:73)\n\tat io.appium.uiautomator2.handler.request.SafeRequestHandler.handle(SafeRequestHandler.java:41)\n\tat io.appium.uiautomator2.server.AppiumServlet.handleRequest(AppiumServlet.java:253)\n\tat io.appium.uiautomator2.server.AppiumServlet.handleHttpRequest(AppiumServlet.java:247)\n\tat io.appium.uiautomator2.http.ServerHandler.channelRead(ServerHandler.java:68)\n\tat io.netty.channel.AbstractChannelHandlerContext.invokeChannelRead(AbstractChannelHandlerContext.java:366)\n\tat io.netty.channel.AbstractChannelHandlerContext.invokeChannelRead(AbstractChannelHandlerContext.java:352)\n\tat io.netty.chann...
[debug] &amp;#27;[35m[W3C]&amp;#27;[39m Matched W3C error code &apos;no such element&apos; to NoSuchElementError
[debug] &amp;#27;[35m[BaseDriver]&amp;#27;[39m Waited for 29918 ms so far
[debug] &amp;#27;[35m[WD Proxy]&amp;#27;[39m Matched &apos;/element&apos; to command name &apos;findElement&apos;
[debug] &amp;#27;[35m[WD Proxy]&amp;#27;[39m Proxying [POST /element] to [POST http://127.0.0.1:8202/wd/hub/session/a5aa72af-1440-4c93-bd43-b303704bf298/element] with body: {&quot;strategy&quot;:&quot;-android uiautomator&quot;,&quot;selector&quot;:&quot;text(\&quot;Tasks\&quot;)&quot;,&quot;context&quot;:&quot;&quot;,&quot;multiple&quot;:false}
&amp;#27;[35m[WD Proxy]&amp;#27;[39m Got response with status 404: {&quot;sessionId&quot;:&quot;a5aa72af-1440-4c93-bd43-b303704bf298&quot;,&quot;value&quot;:{&quot;error&quot;:&quot;no such element&quot;,&quot;message&quot;:&quot;An element could not be located on the page using the given search parameters&quot;,&quot;stacktrace&quot;:&quot;io.appium.uiautomator2.common.exceptions.ElementNotFoundException: An element could not be located on the page using the given search parameters\n\tat io.appium.uiautomator2.handler.FindElement.safeHandle(FindElement.java:73)\n\tat io.appium.uiautomator2.handler.request.SafeRequestHandler.handle(SafeRequestHandler.java:41)\n\tat io.appium.uiautomator2.server.AppiumServlet.handleRequest(AppiumServlet.java:253)\n\tat io.appium.uiautomator2.server.AppiumServlet.handleHttpRequest(AppiumServlet.java:247)\n\tat io.appium.uiautomator2.http.ServerHandler.channelRead(ServerHandler.java:68)\n\tat io.netty.channel.AbstractChannelHandlerContext.invokeChannelRead(AbstractChannelHandlerContext.java:366)\n\tat io.netty.channel.AbstractChannelHandlerContext.invokeChannelRead(AbstractChannelHandlerContext.java:352)\n\tat io.netty.chann...
[debug] &amp;#27;[35m[W3C]&amp;#27;[39m Matched W3C error code &apos;no such element&apos; to NoSuchElementError
[debug] &amp;#27;[35m[W3C (bdc5e9b2)]&amp;#27;[39m Encountered internal error running command: NoSuchElementError: An element could not be located on the page using the given search parameters.
[debug] &amp;#27;[35m[W3C (bdc5e9b2)]&amp;#27;[39m     at AndroidUiautomator2Driver.findElOrEls (C:\Users\Medhansh\AppData\Roaming\npm\node_modules\appium\node_modules\appium-android-driver\lib\commands\find.js:75:11)
[debug] &amp;#27;[35m[W3C (bdc5e9b2)]&amp;#27;[39m     at runMicrotasks (&lt;anonymous&gt;)
[debug] &amp;#27;[35m[W3C (bdc5e9b2)]&amp;#27;[39m     at processTicksAndRejections (internal/process/task_queues.js:93:5)
[debug] &amp;#27;[35m[W3C (bdc5e9b2)]&amp;#27;[39m     at AndroidUiautomator2Driver.findElOrElsWithProcessing (C:\Users\Medhansh\AppData\Roaming\npm\node_modules\appium\node_modules\appium-base-driver\lib\basedriver\commands\find.js:33:12)</system-out>
    <system-err>Oct 29, 2020 5:58:12 PM io.appium.java_client.remote.AppiumCommandExecutor$1 lambda$0
INFO: Detected dialect: W3C
</system-err>
  </testcase>
  <testcase classname="com.colt.fieldengineerapp.testcases.LoginPageTest" name="loginTest" time="7.55"/>
  <testcase classname="com.colt.fieldengineerapp.testcases.LoginPageTest" name="loginTest" time="7.904"/>
</testsuite>