<?xml version="1.0" encoding="UTF-8"?>
<testng-results ignored="0" total="6" passed="4" failed="2" skipped="0">
  <reporter-output>
  </reporter-output>
  <suite started-at="2020-10-29T17:54:36 IST" name="Command line suite" finished-at="2020-10-29T18:00:04 IST" duration-ms="328110">
    <groups>
    </groups>
    <test started-at="2020-10-29T17:54:36 IST" name="Command line test" finished-at="2020-10-29T18:00:04 IST" duration-ms="328110">
      <class name="com.colt.fieldengineerapp.testcases.LoginPageTest">
        <test-method is-config="true" signature="startServices()[pri:0, instance:com.colt.fieldengineerapp.testcases.LoginPageTest@51b7e5df]" started-at="2020-10-29T17:55:31 IST" name="startServices" finished-at="2020-10-29T17:55:57 IST" duration-ms="25477" status="PASS">
          <reporter-output>
          </reporter-output>
        </test-method> <!-- startServices -->
        <test-method is-config="true" signature="setUp()[pri:0, instance:com.colt.fieldengineerapp.testcases.LoginPageTest@51b7e5df]" started-at="2020-10-29T17:58:53 IST" name="setUp" finished-at="2020-10-29T17:59:06 IST" duration-ms="12283" status="PASS">
          <reporter-output>
          </reporter-output>
        </test-method> <!-- setUp -->
        <test-method signature="loginTest(java.lang.String, java.lang.String)[pri:0, instance:com.colt.fieldengineerapp.testcases.LoginPageTest@51b7e5df]" started-at="2020-10-29T17:59:06 IST" name="loginTest" data-provider="InputData" finished-at="2020-10-29T17:59:13 IST" duration-ms="7564" status="PASS">
          <params>
            <param index="0">
              <value>
                <![CDATA[coltonlinedcp]]>
              </value>
            </param>
            <param index="1">
              <value>
                <![CDATA[Colt@1234]]>
              </value>
            </param>
          </params>
          <reporter-output>
          </reporter-output>
        </test-method> <!-- loginTest -->
        <test-method is-config="true" signature="setUp()[pri:0, instance:com.colt.fieldengineerapp.testcases.LoginPageTest@51b7e5df]" started-at="2020-10-29T17:59:13 IST" name="setUp" finished-at="2020-10-29T17:59:24 IST" duration-ms="11249" status="PASS">
          <reporter-output>
          </reporter-output>
        </test-method> <!-- setUp -->
        <test-method signature="loginTest(java.lang.String, java.lang.String)[pri:0, instance:com.colt.fieldengineerapp.testcases.LoginPageTest@51b7e5df]" started-at="2020-10-29T17:59:24 IST" name="loginTest" data-provider="InputData" finished-at="2020-10-29T17:59:32 IST" duration-ms="7918" status="PASS">
          <params>
            <param index="0">
              <value>
                <![CDATA[coltonlinedcp]]>
              </value>
            </param>
            <param index="1">
              <value>
                <![CDATA[Colt@1234]]>
              </value>
            </param>
          </params>
          <reporter-output>
          </reporter-output>
        </test-method> <!-- loginTest -->
        <test-method is-config="true" signature="tearDown()[pri:0, instance:com.colt.fieldengineerapp.testcases.LoginPageTest@51b7e5df]" started-at="2020-10-29T18:00:04 IST" name="tearDown" finished-at="2020-10-29T18:00:20 IST" duration-ms="16010" status="PASS">
          <reporter-output>
          </reporter-output>
        </test-method> <!-- tearDown -->
      </class> <!-- com.colt.fieldengineerapp.testcases.LoginPageTest -->
      <class name="com.colt.fieldengineerapp.testcases.LandingPageTest">
        <test-method is-config="true" signature="setUp()[pri:0, instance:com.colt.fieldengineerapp.testcases.LandingPageTest@770c2e6b]" started-at="2020-10-29T17:57:36 IST" name="setUp" finished-at="2020-10-29T17:57:56 IST" duration-ms="19627" status="PASS">
          <reporter-output>
          </reporter-output>
        </test-method> <!-- setUp -->
        <test-method signature="continueTest()[pri:0, instance:com.colt.fieldengineerapp.testcases.LandingPageTest@770c2e6b]" started-at="2020-10-29T17:57:56 IST" name="continueTest" finished-at="2020-10-29T17:57:59 IST" duration-ms="3297" status="PASS">
          <reporter-output>
          </reporter-output>
        </test-method> <!-- continueTest -->
        <test-method is-config="true" signature="setUp()[pri:0, instance:com.colt.fieldengineerapp.testcases.LandingPageTest@770c2e6b]" started-at="2020-10-29T17:57:59 IST" name="setUp" finished-at="2020-10-29T17:58:20 IST" duration-ms="20465" status="PASS">
          <reporter-output>
          </reporter-output>
        </test-method> <!-- setUp -->
        <test-method signature="homePageTasksTitleTest()[pri:1, instance:com.colt.fieldengineerapp.testcases.LandingPageTest@770c2e6b]" started-at="2020-10-29T17:58:20 IST" name="homePageTasksTitleTest" finished-at="2020-10-29T17:58:53 IST" duration-ms="33687" status="FAIL">
          <exception class="org.openqa.selenium.NoSuchElementException">
            <message>
              <![CDATA[Can't locate an element by this strategy: By.chained({By.AndroidUIAutomator: text("Tasks")})]]>
            </message>
            <full-stacktrace>
              <![CDATA[org.openqa.selenium.NoSuchElementException: Can't locate an element by this strategy: By.chained({By.AndroidUIAutomator: text("Tasks")})
at io.appium.java_client.pagefactory.AppiumElementLocator.findElement(AppiumElementLocator.java:126)
at io.appium.java_client.pagefactory.interceptors.InterceptorOfASingleElement.intercept(InterceptorOfASingleElement.java:59)
at io.appium.java_client.android.AndroidElement$$EnhancerByCGLIB$$b598166c.getText(<generated>)
at com.colt.fieldengineerapp.pages.HomePage.validateHomePageTasksTitle(HomePage.java:67)
at com.colt.fieldengineerapp.testcases.LandingPageTest.homePageTasksTitleTest(LandingPageTest.java:45)
at java.base/jdk.internal.reflect.NativeMethodAccessorImpl.invoke0(Native Method)
at java.base/jdk.internal.reflect.NativeMethodAccessorImpl.invoke(NativeMethodAccessorImpl.java:62)
at java.base/jdk.internal.reflect.DelegatingMethodAccessorImpl.invoke(DelegatingMethodAccessorImpl.java:43)
at java.base/java.lang.reflect.Method.invoke(Method.java:564)
at org.testng.internal.MethodInvocationHelper.invokeMethod(MethodInvocationHelper.java:132)
at org.testng.internal.TestInvoker.invokeMethod(TestInvoker.java:599)
at org.testng.internal.TestInvoker.invokeTestMethod(TestInvoker.java:174)
at org.testng.internal.MethodRunner.runInSequence(MethodRunner.java:46)
at org.testng.internal.TestInvoker$MethodInvocationAgent.invoke(TestInvoker.java:822)
at org.testng.internal.TestInvoker.invokeTestMethods(TestInvoker.java:147)
at org.testng.internal.TestMethodWorker.invokeTestMethods(TestMethodWorker.java:146)
at org.testng.internal.TestMethodWorker.run(TestMethodWorker.java:128)
at java.base/java.util.ArrayList.forEach(ArrayList.java:1511)
at org.testng.TestRunner.privateRun(TestRunner.java:764)
at org.testng.TestRunner.run(TestRunner.java:585)
at org.testng.SuiteRunner.runTest(SuiteRunner.java:384)
at org.testng.SuiteRunner.runSequentially(SuiteRunner.java:378)
at org.testng.SuiteRunner.privateRun(SuiteRunner.java:337)
at org.testng.SuiteRunner.run(SuiteRunner.java:286)
at org.testng.SuiteRunnerWorker.runSuite(SuiteRunnerWorker.java:53)
at org.testng.SuiteRunnerWorker.run(SuiteRunnerWorker.java:96)
at org.testng.TestNG.runSuitesSequentially(TestNG.java:1218)
at org.testng.TestNG.runSuitesLocally(TestNG.java:1140)
at org.testng.TestNG.runSuites(TestNG.java:1069)
at org.testng.TestNG.run(TestNG.java:1037)
at org.apache.maven.surefire.testng.TestNGExecutor.run(TestNGExecutor.java:77)
at org.apache.maven.surefire.testng.TestNGDirectoryTestSuite.executeMulti(TestNGDirectoryTestSuite.java:159)
at org.apache.maven.surefire.testng.TestNGDirectoryTestSuite.execute(TestNGDirectoryTestSuite.java:99)
at org.apache.maven.surefire.testng.TestNGProvider.invoke(TestNGProvider.java:106)
at java.base/jdk.internal.reflect.NativeMethodAccessorImpl.invoke0(Native Method)
at java.base/jdk.internal.reflect.NativeMethodAccessorImpl.invoke(NativeMethodAccessorImpl.java:62)
at java.base/jdk.internal.reflect.DelegatingMethodAccessorImpl.invoke(DelegatingMethodAccessorImpl.java:43)
at java.base/java.lang.reflect.Method.invoke(Method.java:564)
at org.apache.maven.surefire.util.ReflectionUtils.invokeMethodWithArray(ReflectionUtils.java:189)
at org.apache.maven.surefire.booter.ProviderFactory$ProviderProxy.invoke(ProviderFactory.java:165)
at org.apache.maven.surefire.booter.ProviderFactory.invokeProvider(ProviderFactory.java:85)
at org.apache.maven.surefire.booter.ForkedBooter.runSuitesInProcess(ForkedBooter.java:115)
at org.apache.maven.surefire.booter.ForkedBooter.main(ForkedBooter.java:75)
Caused by: org.openqa.selenium.TimeoutException: Expected condition failed: waiting for io.appium.java_client.pagefactory.AppiumElementLocator$WaitingFunction@6ae7deac (tried for 30 second(s) with 500 milliseconds interval)
at org.openqa.selenium.support.ui.FluentWait.timeoutException(FluentWait.java:304)
at org.openqa.selenium.support.ui.FluentWait.until(FluentWait.java:272)
at io.appium.java_client.pagefactory.AppiumElementLocator.waitFor(AppiumElementLocator.java:99)
at io.appium.java_client.pagefactory.AppiumElementLocator.findElement(AppiumElementLocator.java:119)
... 42 more
Caused by: org.openqa.selenium.NoSuchElementException: Cannot locate an element using By.chained({By.AndroidUIAutomator: text("Tasks")})
For documentation on this error, please visit: https://www.seleniumhq.org/exceptions/no_such_element.html
Build info: version: '3.141.59', revision: 'e82be7d358', time: '2018-11-14T08:17:03'
System info: host: 'DESKTOP-K4MGEUM', ip: '192.168.0.7', os.name: 'Windows 10', os.arch: 'amd64', os.version: '10.0', java.version: '14.0.2'
Driver info: driver.version: AndroidDriver
at io.appium.java_client.pagefactory.bys.builder.ByChained.findElement(ByChained.java:74)
at org.openqa.selenium.remote.RemoteWebDriver.findElement(RemoteWebDriver.java:315)
at io.appium.java_client.DefaultGenericMobileDriver.findElement(DefaultGenericMobileDriver.java:57)
at io.appium.java_client.AppiumDriver.findElement(AppiumDriver.java:1)
at io.appium.java_client.android.AndroidDriver.findElement(AndroidDriver.java:1)
at io.appium.java_client.pagefactory.bys.ContentMappedBy.findElement(ContentMappedBy.java:50)
at org.openqa.selenium.remote.RemoteWebDriver.findElement(RemoteWebDriver.java:315)
at io.appium.java_client.DefaultGenericMobileDriver.findElement(DefaultGenericMobileDriver.java:57)
at io.appium.java_client.AppiumDriver.findElement(AppiumDriver.java:1)
at io.appium.java_client.android.AndroidDriver.findElement(AndroidDriver.java:1)
at io.appium.java_client.pagefactory.AppiumElementLocator.lambda$0(AppiumElementLocator.java:120)
at io.appium.java_client.pagefactory.AppiumElementLocator$WaitingFunction.apply(AppiumElementLocator.java:172)
at io.appium.java_client.pagefactory.AppiumElementLocator$WaitingFunction.apply(AppiumElementLocator.java:1)
at org.openqa.selenium.support.ui.FluentWait.until(FluentWait.java:249)
... 44 more
]]>
            </full-stacktrace>
          </exception> <!-- org.openqa.selenium.NoSuchElementException -->
          <reporter-output>
          </reporter-output>
        </test-method> <!-- homePageTasksTitleTest -->
      </class> <!-- com.colt.fieldengineerapp.testcases.LandingPageTest -->
      <class name="com.colt.fieldengineerapp.testcases.ErrorPopupsRaisePlannedWorksTest">
        <test-method is-config="true" signature="startServer()[pri:0, instance:com.colt.fieldengineerapp.testcases.ErrorPopupsRaisePlannedWorksTest@564718df]" started-at="2020-10-29T17:55:05 IST" name="startServer" finished-at="2020-10-29T17:55:31 IST" duration-ms="26236" status="PASS">
          <reporter-output>
          </reporter-output>
        </test-method> <!-- startServer -->
        <test-method is-config="true" signature="setUp()[pri:0, instance:com.colt.fieldengineerapp.testcases.ErrorPopupsRaisePlannedWorksTest@564718df]" started-at="2020-10-29T17:56:36 IST" name="setUp" finished-at="2020-10-29T17:56:55 IST" duration-ms="19045" status="PASS">
          <reporter-output>
          </reporter-output>
        </test-method> <!-- setUp -->
        <test-method signature="alertsRaisePlanWorkPlannedScheduleStep()[pri:0, instance:com.colt.fieldengineerapp.testcases.ErrorPopupsRaisePlannedWorksTest@564718df]" started-at="2020-10-29T17:56:55 IST" name="alertsRaisePlanWorkPlannedScheduleStep" finished-at="2020-10-29T17:57:36 IST" duration-ms="41049" status="FAIL">
          <exception class="org.openqa.selenium.WebDriverException">
            <message>
              <![CDATA[An unknown server-side error occurred while processing the command. Original error: Could not proxy command to the remote server. Original error: socket hang up
Build info: version: '3.141.59', revision: 'e82be7d358', time: '2018-11-14T08:17:03'
System info: host: 'DESKTOP-K4MGEUM', ip: '192.168.0.7', os.name: 'Windows 10', os.arch: 'amd64', os.version: '10.0', java.version: '14.0.2'
Driver info: io.appium.java_client.android.AndroidDriver
Capabilities {app: D:\TechPractice\Appium\Fiel..., appActivity: com.colt.coltengineering.sc..., appPackage: com.colt.coltengineering, autoGrantPermissions: true, automationName: uiautomator2, avd: Pixel2, databaseEnabled: false, desired: {app: D:\TechPractice\Appium\Fiel..., appActivity: com.colt.coltengineering.sc..., appPackage: com.colt.coltengineering, autoGrantPermissions: true, automationName: uiautomator2, avd: Pixel2, deviceName: pixel2, platformName: android}, deviceApiLevel: 28, deviceManufacturer: Google, deviceModel: AOSP on IA Emulator, deviceName: emulator-5554, deviceScreenDensity: 420, deviceScreenSize: 1080x1920, deviceUDID: emulator-5554, javascriptEnabled: true, locationContextEnabled: false, networkConnectionEnabled: true, pixelRatio: 2.625, platform: LINUX, platformName: Android, platformVersion: 9, statBarHeight: 63, takesScreenshot: true, viewportRect: {height: 1731, left: 0, top: 63, width: 1080}, warnings: {}, webStorageEnabled: false}
Session ID: e148836a-4958-4ac0-846b-1727609d8f58]]>
            </message>
            <full-stacktrace>
              <![CDATA[org.openqa.selenium.WebDriverException: An unknown server-side error occurred while processing the command. Original error: Could not proxy command to the remote server. Original error: socket hang up
Build info: version: '3.141.59', revision: 'e82be7d358', time: '2018-11-14T08:17:03'
System info: host: 'DESKTOP-K4MGEUM', ip: '192.168.0.7', os.name: 'Windows 10', os.arch: 'amd64', os.version: '10.0', java.version: '14.0.2'
Driver info: io.appium.java_client.android.AndroidDriver
Capabilities {app: D:\TechPractice\Appium\Fiel..., appActivity: com.colt.coltengineering.sc..., appPackage: com.colt.coltengineering, autoGrantPermissions: true, automationName: uiautomator2, avd: Pixel2, databaseEnabled: false, desired: {app: D:\TechPractice\Appium\Fiel..., appActivity: com.colt.coltengineering.sc..., appPackage: com.colt.coltengineering, autoGrantPermissions: true, automationName: uiautomator2, avd: Pixel2, deviceName: pixel2, platformName: android}, deviceApiLevel: 28, deviceManufacturer: Google, deviceModel: AOSP on IA Emulator, deviceName: emulator-5554, deviceScreenDensity: 420, deviceScreenSize: 1080x1920, deviceUDID: emulator-5554, javascriptEnabled: true, locationContextEnabled: false, networkConnectionEnabled: true, pixelRatio: 2.625, platform: LINUX, platformName: Android, platformVersion: 9, statBarHeight: 63, takesScreenshot: true, viewportRect: {height: 1731, left: 0, top: 63, width: 1080}, warnings: {}, webStorageEnabled: false}
Session ID: e148836a-4958-4ac0-846b-1727609d8f58
at java.base/jdk.internal.reflect.NativeConstructorAccessorImpl.newInstance0(Native Method)
at java.base/jdk.internal.reflect.NativeConstructorAccessorImpl.newInstance(NativeConstructorAccessorImpl.java:62)
at java.base/jdk.internal.reflect.DelegatingConstructorAccessorImpl.newInstance(DelegatingConstructorAccessorImpl.java:45)
at java.base/java.lang.reflect.Constructor.newInstanceWithCaller(Constructor.java:500)
at java.base/java.lang.reflect.Constructor.newInstance(Constructor.java:481)
at org.openqa.selenium.remote.http.W3CHttpResponseCodec.createException(W3CHttpResponseCodec.java:187)
at org.openqa.selenium.remote.http.W3CHttpResponseCodec.decode(W3CHttpResponseCodec.java:122)
at org.openqa.selenium.remote.http.W3CHttpResponseCodec.decode(W3CHttpResponseCodec.java:49)
at org.openqa.selenium.remote.HttpCommandExecutor.execute(HttpCommandExecutor.java:158)
at io.appium.java_client.remote.AppiumCommandExecutor.execute(AppiumCommandExecutor.java:239)
at org.openqa.selenium.remote.RemoteWebDriver.execute(RemoteWebDriver.java:552)
at io.appium.java_client.DefaultGenericMobileDriver.execute(DefaultGenericMobileDriver.java:45)
at io.appium.java_client.AppiumDriver.execute(AppiumDriver.java:1)
at io.appium.java_client.android.AndroidDriver.execute(AndroidDriver.java:1)
at org.openqa.selenium.remote.RemoteWebDriver$RemoteTargetLocator.alert(RemoteWebDriver.java:932)
at com.colt.fieldengineerapp.testcases.ErrorPopupsRaisePlannedWorksTest.alertsRaisePlanWorkPlannedScheduleStep(ErrorPopupsRaisePlannedWorksTest.java:214)
at java.base/jdk.internal.reflect.NativeMethodAccessorImpl.invoke0(Native Method)
at java.base/jdk.internal.reflect.NativeMethodAccessorImpl.invoke(NativeMethodAccessorImpl.java:62)
at java.base/jdk.internal.reflect.DelegatingMethodAccessorImpl.invoke(DelegatingMethodAccessorImpl.java:43)
at java.base/java.lang.reflect.Method.invoke(Method.java:564)
at org.testng.internal.MethodInvocationHelper.invokeMethod(MethodInvocationHelper.java:132)
at org.testng.internal.TestInvoker.invokeMethod(TestInvoker.java:599)
at org.testng.internal.TestInvoker.invokeTestMethod(TestInvoker.java:174)
at org.testng.internal.MethodRunner.runInSequence(MethodRunner.java:46)
at org.testng.internal.TestInvoker$MethodInvocationAgent.invoke(TestInvoker.java:822)
at org.testng.internal.TestInvoker.invokeTestMethods(TestInvoker.java:147)
at org.testng.internal.TestMethodWorker.invokeTestMethods(TestMethodWorker.java:146)
at org.testng.internal.TestMethodWorker.run(TestMethodWorker.java:128)
at java.base/java.util.ArrayList.forEach(ArrayList.java:1511)
at org.testng.TestRunner.privateRun(TestRunner.java:764)
at org.testng.TestRunner.run(TestRunner.java:585)
at org.testng.SuiteRunner.runTest(SuiteRunner.java:384)
at org.testng.SuiteRunner.runSequentially(SuiteRunner.java:378)
at org.testng.SuiteRunner.privateRun(SuiteRunner.java:337)
at org.testng.SuiteRunner.run(SuiteRunner.java:286)
at org.testng.SuiteRunnerWorker.runSuite(SuiteRunnerWorker.java:53)
at org.testng.SuiteRunnerWorker.run(SuiteRunnerWorker.java:96)
at org.testng.TestNG.runSuitesSequentially(TestNG.java:1218)
at org.testng.TestNG.runSuitesLocally(TestNG.java:1140)
at org.testng.TestNG.runSuites(TestNG.java:1069)
at org.testng.TestNG.run(TestNG.java:1037)
at org.apache.maven.surefire.testng.TestNGExecutor.run(TestNGExecutor.java:77)
at org.apache.maven.surefire.testng.TestNGDirectoryTestSuite.executeMulti(TestNGDirectoryTestSuite.java:159)
at org.apache.maven.surefire.testng.TestNGDirectoryTestSuite.execute(TestNGDirectoryTestSuite.java:99)
at org.apache.maven.surefire.testng.TestNGProvider.invoke(TestNGProvider.java:106)
at java.base/jdk.internal.reflect.NativeMethodAccessorImpl.invoke0(Native Method)
at java.base/jdk.internal.reflect.NativeMethodAccessorImpl.invoke(NativeMethodAccessorImpl.java:62)
at java.base/jdk.internal.reflect.DelegatingMethodAccessorImpl.invoke(DelegatingMethodAccessorImpl.java:43)
at java.base/java.lang.reflect.Method.invoke(Method.java:564)
at org.apache.maven.surefire.util.ReflectionUtils.invokeMethodWithArray(ReflectionUtils.java:189)
at org.apache.maven.surefire.booter.ProviderFactory$ProviderProxy.invoke(ProviderFactory.java:165)
at org.apache.maven.surefire.booter.ProviderFactory.invokeProvider(ProviderFactory.java:85)
at org.apache.maven.surefire.booter.ForkedBooter.runSuitesInProcess(ForkedBooter.java:115)
at org.apache.maven.surefire.booter.ForkedBooter.main(ForkedBooter.java:75)
]]>
            </full-stacktrace>
          </exception> <!-- org.openqa.selenium.WebDriverException -->
          <reporter-output>
          </reporter-output>
        </test-method> <!-- alertsRaisePlanWorkPlannedScheduleStep -->
        <test-method is-config="true" signature="tearDown()[pri:0, instance:com.colt.fieldengineerapp.testcases.ErrorPopupsRaisePlannedWorksTest@564718df]" started-at="2020-10-29T17:59:48 IST" name="tearDown" finished-at="2020-10-29T18:00:04 IST" duration-ms="16008" status="PASS">
          <reporter-output>
          </reporter-output>
        </test-method> <!-- tearDown -->
      </class> <!-- com.colt.fieldengineerapp.testcases.ErrorPopupsRaisePlannedWorksTest -->
      <class name="com.colt.fieldengineerapp.testcases.EndToEndActionsPageTest">
        <test-method is-config="true" signature="startServices()[pri:0, instance:com.colt.fieldengineerapp.testcases.EndToEndActionsPageTest@2b4a2ec7]" started-at="2020-10-29T17:54:36 IST" name="startServices" finished-at="2020-10-29T17:55:05 IST" duration-ms="28485" status="PASS">
          <reporter-output>
          </reporter-output>
        </test-method> <!-- startServices -->
        <test-method is-config="true" signature="setUp()[pri:0, instance:com.colt.fieldengineerapp.testcases.EndToEndActionsPageTest@2b4a2ec7]" started-at="2020-10-29T17:55:57 IST" name="setUp" finished-at="2020-10-29T17:56:23 IST" duration-ms="26338" status="PASS">
          <reporter-output>
          </reporter-output>
        </test-method> <!-- setUp -->
        <test-method signature="testNonNullJobRemarksdField()[pri:0, instance:com.colt.fieldengineerapp.testcases.EndToEndActionsPageTest@2b4a2ec7]" started-at="2020-10-29T17:56:23 IST" name="testNonNullJobRemarksdField" finished-at="2020-10-29T17:56:36 IST" duration-ms="13254" status="PASS">
          <reporter-output>
          </reporter-output>
        </test-method> <!-- testNonNullJobRemarksdField -->
        <test-method is-config="true" signature="tearDown()[pri:0, instance:com.colt.fieldengineerapp.testcases.EndToEndActionsPageTest@2b4a2ec7]" started-at="2020-10-29T17:59:32 IST" name="tearDown" finished-at="2020-10-29T17:59:48 IST" duration-ms="16060" status="PASS">
          <reporter-output>
          </reporter-output>
        </test-method> <!-- tearDown -->
      </class> <!-- com.colt.fieldengineerapp.testcases.EndToEndActionsPageTest -->
    </test> <!-- Command line test -->
  </suite> <!-- Command line suite -->
</testng-results>
