<?xml version="1.0" encoding="UTF-8"?>
<testng-results ignored="0" total="1" passed="1" failed="0" skipped="0">
  <reporter-output>
  </reporter-output>
  <suite started-at="2020-10-30T01:18:03 IST" name="Suite" finished-at="2020-10-30T01:20:20 IST" duration-ms="137024">
    <groups>
    </groups>
    <test started-at="2020-10-30T01:18:03 IST" name="RaisePlanwork" finished-at="2020-10-30T01:20:20 IST" duration-ms="137024">
      <class name="com.colt.fieldengineerapp.testcases.EndToEndTestForRaisePlannedWorks">
        <test-method is-config="true" signature="startServices()[pri:0, instance:com.colt.fieldengineerapp.testcases.EndToEndTestForRaisePlannedWorks@fdefd3f]" started-at="2020-10-30T01:18:03 IST" name="startServices" finished-at="2020-10-30T01:18:23 IST" duration-ms="20259" status="PASS">
          <reporter-output>
          </reporter-output>
        </test-method> <!-- startServices -->
        <test-method is-config="true" signature="setUp()[pri:0, instance:com.colt.fieldengineerapp.testcases.EndToEndTestForRaisePlannedWorks@fdefd3f]" started-at="2020-10-30T01:18:23 IST" name="setUp" finished-at="2020-10-30T01:18:45 IST" duration-ms="21933" status="PASS">
          <reporter-output>
          </reporter-output>
        </test-method> <!-- setUp -->
        <test-method signature="endToEndTestForRaisePlanWork(java.lang.String, java.lang.String, java.lang.String, java.lang.String)[pri:0, instance:com.colt.fieldengineerapp.testcases.EndToEndTestForRaisePlannedWorks@fdefd3f]" started-at="2020-10-30T01:18:45 IST" name="endToEndTestForRaisePlanWork" data-provider="TextFieldsData" finished-at="2020-10-30T01:20:12 IST" duration-ms="86332" status="PASS">
          <params>
            <param index="0">
              <value>
                <![CDATA[12345]]>
              </value>
            </param>
            <param index="1">
              <value>
                <![CDATA[1234]]>
              </value>
            </param>
            <param index="2">
              <value>
                <![CDATA[123456]]>
              </value>
            </param>
            <param index="3">
              <value>
                <![CDATA[Test_Alok]]>
              </value>
            </param>
          </params>
          <reporter-output>
          </reporter-output>
        </test-method> <!-- endToEndTestForRaisePlanWork -->
        <test-method is-config="true" signature="tearDown()[pri:0, instance:com.colt.fieldengineerapp.testcases.EndToEndTestForRaisePlannedWorks@fdefd3f]" started-at="2020-10-30T01:20:12 IST" name="tearDown" finished-at="2020-10-30T01:20:20 IST" duration-ms="8022" status="PASS">
          <reporter-output>
          </reporter-output>
        </test-method> <!-- tearDown -->
      </class> <!-- com.colt.fieldengineerapp.testcases.EndToEndTestForRaisePlannedWorks -->
    </test> <!-- RaisePlanwork -->
  </suite> <!-- Suite -->
</testng-results>
