<?xml version="1.0" encoding="UTF-8"?>
<testng-results ignored="0" total="1" passed="1" failed="0" skipped="0">
  <reporter-output>
  </reporter-output>
  <suite started-at="2020-10-22T11:01:04 IST" name="Default suite" finished-at="2020-10-22T11:01:57 IST" duration-ms="53340">
    <groups>
    </groups>
    <test started-at="2020-10-22T11:01:04 IST" name="Default test" finished-at="2020-10-22T11:01:57 IST" duration-ms="53340">
      <class name="com.colt.fieldengineerapp.testcases.EndToEndTestForSingleTaskView">
        <test-method is-config="true" signature="startServer()[pri:0, instance:com.colt.fieldengineerapp.testcases.EndToEndTestForSingleTaskView@7193666c]" started-at="2020-10-22T11:01:04 IST" name="startServer" finished-at="2020-10-22T11:01:04 IST" duration-ms="74" status="PASS">
          <reporter-output>
          </reporter-output>
        </test-method> <!-- startServer -->
        <test-method is-config="true" signature="setUp()[pri:0, instance:com.colt.fieldengineerapp.testcases.EndToEndTestForSingleTaskView@7193666c]" started-at="2020-10-22T11:01:04 IST" name="setUp" finished-at="2020-10-22T11:01:25 IST" duration-ms="20559" status="PASS">
          <reporter-output>
          </reporter-output>
        </test-method> <!-- setUp -->
        <test-method signature="endToEndTestTillSingleTaskView()[pri:0, instance:com.colt.fieldengineerapp.testcases.EndToEndTestForSingleTaskView@7193666c]" started-at="2020-10-22T11:01:25 IST" name="endToEndTestTillSingleTaskView" finished-at="2020-10-22T11:01:57 IST" duration-ms="32638" status="PASS">
          <reporter-output>
          </reporter-output>
        </test-method> <!-- endToEndTestTillSingleTaskView -->
        <test-method is-config="true" signature="tearDown()[pri:0, instance:com.colt.fieldengineerapp.testcases.EndToEndTestForSingleTaskView@7193666c]" started-at="2020-10-22T11:01:58 IST" name="tearDown" finished-at="2020-10-22T11:01:58 IST" duration-ms="0" status="PASS">
          <reporter-output>
          </reporter-output>
        </test-method> <!-- tearDown -->
      </class> <!-- com.colt.fieldengineerapp.testcases.EndToEndTestForSingleTaskView -->
    </test> <!-- Default test -->
  </suite> <!-- Default suite -->
</testng-results>
